#
# There is insufficient memory for the Java Runtime Environment to continue.
# Native memory allocation (mmap) failed to map 67108864 bytes for G1 virtual space
# Possible reasons:
#   The system is out of physical RAM or swap space
#   The process is running with CompressedOops enabled, and the Java Heap may be blocking the growth of the native heap
# Possible solutions:
#   Reduce memory load on the system
#   Increase physical memory or swap space
#   Check if swap backing store is full
#   Decrease Java heap size (-Xmx/-Xms)
#   Decrease number of Java threads
#   Decrease Java thread stack sizes (-Xss)
#   Set larger code cache with -XX:ReservedCodeCacheSize=
#   JVM is running with Unscaled Compressed Oops mode in which the Java heap is
#     placed in the first 4GB address space. The Java Heap base address is the
#     maximum limit for the native heap growth. Please use -XX:HeapBaseMinAddress
#     to set the Java Heap base and to place the Java Heap above 4GB virtual address.
# This output file may be truncated or incomplete.
#
#  Out of Memory Error (./open/src/hotspot/os/windows/os_windows.cpp:3472), pid=7432, tid=6844
#
# JRE version:  (15.0+36) (build )
# Java VM: OpenJDK 64-Bit Server VM (15+36-1562, mixed mode, sharing, tiered, compressed oops, g1 gc, windows-amd64)
# No core dump will be written. Minidumps are not enabled by default on client versions of Windows
#

---------------  S U M M A R Y ------------

Command Line: -Xmx64m -Xms64m -Dorg.gradle.appname=gradlew org.gradle.wrapper.GradleWrapperMain app:installDebug -PreactNativeDevServerPort=8081

Host: Intel(R) Core(TM) i3-2330M CPU @ 2.20GHz, 4 cores, 3G,  Windows 10 , 64 bit Build 19041 (10.0.19041.1202)
Time: Sun Oct 17 06:30:01 2021 W. Europe Daylight Time elapsed time: 1.027544 seconds (0d 0h 0m 1s)

---------------  T H R E A D  ---------------

Current thread (0x0000027e7a8ed970):  JavaThread "Unknown thread" [_thread_in_vm, id=6844, stack(0x0000009a7d600000,0x0000009a7d700000)]

Stack: [0x0000009a7d600000,0x0000009a7d700000]
Native frames: (J=compiled Java code, j=interpreted, Vv=VM code, C=native code)
V  [jvm.dll+0x629eaa]
V  [jvm.dll+0x780379]
V  [jvm.dll+0x781ad3]
V  [jvm.dll+0x782133]
V  [jvm.dll+0x2159d5]
V  [jvm.dll+0x627299]
V  [jvm.dll+0x61bdd5]
V  [jvm.dll+0x2cf96d]
V  [jvm.dll+0x2cf7d2]
V  [jvm.dll+0x2d57ac]
V  [jvm.dll+0x32523a]
V  [jvm.dll+0x324904]
V  [jvm.dll+0x2a68ea]
V  [jvm.dll+0x2a7a88]
V  [jvm.dll+0x75d0f1]
V  [jvm.dll+0x333af4]
V  [jvm.dll+0x73d816]
V  [jvm.dll+0x3b68e7]
V  [jvm.dll+0x3b8371]
C  [jli.dll+0x52fb]
C  [ucrtbase.dll+0x21bb2]
C  [KERNEL32.DLL+0x17034]
C  [ntdll.dll+0x52651]


---------------  P R O C E S S  ---------------

Threads class SMR info:
_java_thread_list=0x00007ffbdf872fa0, length=0, elements={
}

Java Threads: ( => current thread )

Other Threads:
  0x0000027e7a90d670 GCTaskThread "GC Thread#0" [stack: 0x0000009a7d700000,0x0000009a7d800000] [id=5952]
  0x0000027e7a90f090 ConcurrentGCThread "G1 Main Marker" [stack: 0x0000009a7d800000,0x0000009a7d900000] [id=9208]
  0x0000027e7a910420 ConcurrentGCThread "G1 Conc#0" [stack: 0x0000009a7d900000,0x0000009a7da00000] [id=6520]

[error occurred during error reporting (printing all threads), id 0xc0000005, EXCEPTION_ACCESS_VIOLATION (0xc0000005) at pc=0x00007ffbdf0677b7]

VM state: not at safepoint (not fully initialized)

VM Mutex/Monitor currently owned by a thread:  ([mutex/lock_event])
[0x0000027e7a8e8fc0] Heap_lock - owner thread: 0x0000027e7a8ed970

Heap address: 0x00000000fc000000, size: 64 MB, Compressed Oops mode: 32-bit
CDS archive(s) mapped at: [0x0000000000000000-0x0000000000000000-0x0000000000000000), size 0, SharedBaseAddress: 0x0000000800000000, ArchiveRelocationMode: 0.
Narrow klass base: 0x0000000000000000, Narrow klass shift: 0, Narrow klass range: 0x0

Heap:
 garbage-first heap   total 65536K, used 0K [0x00000000fc000000, 0x0000000100000000)
  region size 1024K, 0 young (0K), 0 survivors (0K)
 Metaspace       used 0K, capacity 0K, committed 0K, reserved 0K
  class space    used 0K, capacity 0K, committed 0K, reserved 0K

Heap Regions: E=young(eden), S=young(survivor), O=old, HS=humongous(starts), HC=humongous(continues), CS=collection set, F=free, OA=open archive, CA=closed archive, TAMS=top-at-mark-start (previous, next)

Card table byte_map: [0x0000027e788e0000,0x0000027e78900000] _byte_map_base: 0x0000027e78100000

Marking Bits (Prev, Next): (CMBitMap*) 0x0000027e7a90de60, (CMBitMap*) 0x0000027e7a90dea0
 Prev Bits: [0x0000027e7a710000, 0x0000027e7a810000)
 Next Bits: [0x0000027e7a9c0000, 0x0000027e7aac0000)

GC Heap History (0 events):
No events

Deoptimization events (0 events):
No events

Classes unloaded (0 events):
No events

Classes redefined (0 events):
No events

Internal exceptions (0 events):
No events

Events (1 events):
Event: 0.054 Loaded shared library C:\Program Files\Java\jdk-15\bin\java.dll


Dynamic libraries:
0x00007ff7bb130000 - 0x00007ff7bb13d000 	C:\Program Files\Java\jdk-15\bin\java.exe
0x00007ffc0c1b0000 - 0x00007ffc0c3a5000 	C:\WINDOWS\SYSTEM32\ntdll.dll
0x00007ffbf4010000 - 0x00007ffbf4025000 	C:\Program Files\AVG\Antivirus\aswhook.dll
0x00007ffc0b520000 - 0x00007ffc0b5de000 	C:\WINDOWS\System32\KERNEL32.DLL
0x00007ffc09190000 - 0x00007ffc09459000 	C:\WINDOWS\System32\KERNELBASE.dll
0x00007ffc096e0000 - 0x00007ffc097e0000 	C:\WINDOWS\System32\ucrtbase.dll
0x00007ffbef000000 - 0x00007ffbef018000 	C:\Program Files\Java\jdk-15\bin\jli.dll
0x00007ffbed4f0000 - 0x00007ffbed509000 	C:\Program Files\Java\jdk-15\bin\VCRUNTIME140.dll
0x00007ffc09b10000 - 0x00007ffc09cb1000 	C:\WINDOWS\System32\USER32.dll
0x00007ffc09160000 - 0x00007ffc09182000 	C:\WINDOWS\System32\win32u.dll
0x00007ffc099d0000 - 0x00007ffc099fb000 	C:\WINDOWS\System32\GDI32.dll
0x00007ffbf5de0000 - 0x00007ffbf607a000 	C:\WINDOWS\WinSxS\amd64_microsoft.windows.common-controls_6595b64144ccf1df_6.0.19041.1110_none_60b5254171f9507e\COMCTL32.dll
0x00007ffc09050000 - 0x00007ffc0915b000 	C:\WINDOWS\System32\gdi32full.dll
0x00007ffc0c0d0000 - 0x00007ffc0c16e000 	C:\WINDOWS\System32\msvcrt.dll
0x00007ffc08f80000 - 0x00007ffc0901d000 	C:\WINDOWS\System32\msvcp_win.dll
0x00007ffc09870000 - 0x00007ffc098a0000 	C:\WINDOWS\System32\IMM32.DLL
0x00007ffc03080000 - 0x00007ffc0308c000 	C:\Program Files\Java\jdk-15\bin\vcruntime140_1.dll
0x00007ffbe2820000 - 0x00007ffbe28b1000 	C:\Program Files\Java\jdk-15\bin\msvcp140.dll
0x00007ffbdedb0000 - 0x00007ffbdf90c000 	C:\Program Files\Java\jdk-15\bin\server\jvm.dll
0x00007ffc0a460000 - 0x00007ffc0a50c000 	C:\WINDOWS\System32\ADVAPI32.dll
0x00007ffc0b3d0000 - 0x00007ffc0b46b000 	C:\WINDOWS\System32\sechost.dll
0x00007ffc098a0000 - 0x00007ffc099ca000 	C:\WINDOWS\System32\RPCRT4.dll
0x00007ffc09ae0000 - 0x00007ffc09ae8000 	C:\WINDOWS\System32\PSAPI.DLL
0x00007ffbfd540000 - 0x00007ffbfd549000 	C:\WINDOWS\SYSTEM32\WSOCK32.dll
0x00007ffc04c10000 - 0x00007ffc04c1a000 	C:\WINDOWS\SYSTEM32\VERSION.dll
0x00007ffc017e0000 - 0x00007ffc01807000 	C:\WINDOWS\SYSTEM32\WINMM.dll
0x00007ffc0bea0000 - 0x00007ffc0bf0b000 	C:\WINDOWS\System32\WS2_32.dll
0x00007ffc06e10000 - 0x00007ffc06e22000 	C:\WINDOWS\SYSTEM32\kernel.appcore.dll
0x00007ffbfc000000 - 0x00007ffbfc00a000 	C:\Program Files\Java\jdk-15\bin\jimage.dll
0x00007ffc04080000 - 0x00007ffc04264000 	C:\WINDOWS\SYSTEM32\DBGHELP.DLL
0x00007ffc03090000 - 0x00007ffc030bc000 	C:\WINDOWS\SYSTEM32\dbgcore.DLL
0x00007ffc097e0000 - 0x00007ffc09863000 	C:\WINDOWS\System32\bcryptPrimitives.dll
0x00007ffbe9430000 - 0x00007ffbe9455000 	C:\Program Files\Java\jdk-15\bin\java.dll

dbghelp: loaded successfully - version: 4.0.5 - missing functions: none
symbol engine: initialized successfully - sym options: 0x614 - pdb path: .;C:\Program Files\Java\jdk-15\bin;C:\WINDOWS\SYSTEM32;C:\Program Files\AVG\Antivirus;C:\WINDOWS\WinSxS\amd64_microsoft.windows.common-controls_6595b64144ccf1df_6.0.19041.1110_none_60b5254171f9507e;C:\Program Files\Java\jdk-15\bin\server

VM Arguments:
jvm_args: -Xmx64m -Xms64m -Dorg.gradle.appname=gradlew 
java_command: org.gradle.wrapper.GradleWrapperMain app:installDebug -PreactNativeDevServerPort=8081
java_class_path (initial): C:\Users\Achim\Downloads\React\react-native-projeleri\AwesomeProject\android\\gradle\wrapper\gradle-wrapper.jar
Launcher Type: SUN_STANDARD

[Global flags]
     intx CICompilerCount                          = 3                                         {product} {ergonomic}
     uint ConcGCThreads                            = 1                                         {product} {ergonomic}
     uint G1ConcRefinementThreads                  = 4                                         {product} {ergonomic}
   size_t G1HeapRegionSize                         = 1048576                                   {product} {ergonomic}
    uintx GCDrainStackTargetSize                   = 64                                        {product} {ergonomic}
   size_t InitialHeapSize                          = 67108864                                  {product} {command line}
   size_t MarkStackSize                            = 4194304                                   {product} {ergonomic}
   size_t MaxHeapSize                              = 67108864                                  {product} {command line}
   size_t MinHeapDeltaBytes                        = 1048576                                   {product} {ergonomic}
   size_t MinHeapSize                              = 67108864                                  {product} {command line}
    uintx NonNMethodCodeHeapSize                   = 5832780                                {pd product} {ergonomic}
    uintx NonProfiledCodeHeapSize                  = 122912730                              {pd product} {ergonomic}
    uintx ProfiledCodeHeapSize                     = 122912730                              {pd product} {ergonomic}
    uintx ReservedCodeCacheSize                    = 251658240                              {pd product} {ergonomic}
     bool SegmentedCodeCache                       = true                                      {product} {ergonomic}
   size_t SoftMaxHeapSize                          = 67108864                               {manageable} {ergonomic}
     bool UseCompressedClassPointers               = true                                 {lp64_product} {ergonomic}
     bool UseCompressedOops                        = true                                 {lp64_product} {ergonomic}
     bool UseG1GC                                  = true                                      {product} {ergonomic}
     bool UseLargePagesIndividualAllocation        = false                                  {pd product} {ergonomic}

Logging:
Log output configuration:
 #0: stdout all=warning uptime,level,tags
 #1: stderr all=off uptime,level,tags

Environment Variables:
JAVA_HOME=C:\Program Files\Java\jdk-15
CLASSPATH=C:\Users\Achim\Downloads\React\react-native-projeleri\AwesomeProject\android\\gradle\wrapper\gradle-wrapper.jar
PATH=C:\Users\Achim\Downloads\React\react-native-projeleri\AwesomeProject\node_modules\.bin;C:\Users\Achim\Downloads\React\react-native-projeleri\node_modules\.bin;C:\Users\Achim\Downloads\React\node_modules\.bin;C:\Users\Achim\Downloads\node_modules\.bin;C:\Users\Achim\node_modules\.bin;C:\Users\node_modules\.bin;C:\node_modules\.bin;C:\Users\Achim\AppData\Roaming\npm\node_modules\npm\node_modules\@npmcli\run-script\lib\node-gyp-bin;C:\Program Files\Common Files\Oracle\Java\javapath;C:\WINDOWS\system32;C:\WINDOWS;C:\WINDOWS\System32\Wbem;C:\WINDOWS\System32\WindowsPowerShell\v1.0\;C:\WINDOWS\System32\OpenSSH\;C:\Program Files\nodejs\;C:\Program Files\Git\cmd;C:\Users\Achim\AppData\Local\Microsoft\WindowsApps;C:\Users\Achim\AppData\Roaming\npm;C:\Users\Achim\AppData\Local\Programs\Microsoft VS Code\bin;C:\Users\Achim\AppData\Roaming\npm\node_modules;C:\Program Files\MongoDB\Server\5.0\bin\;C:\Users\Achim\AppData\Local\Android\Sdk\platform-tools;;C:\Users\Achim\Downloads\React\react-native-projeleri\AwesomeProject\node_modules\.bin
USERNAME=Achim
OS=Windows_NT
PROCESSOR_IDENTIFIER=Intel64 Family 6 Model 42 Stepping 7, GenuineIntel



---------------  S Y S T E M  ---------------

OS:
 Windows 10 , 64 bit Build 19041 (10.0.19041.1202)
OS uptime: 0 days 1:15 hours

CPU: total 4 (initial active 4) (2 cores per cpu, 2 threads per core) family 6 model 42 stepping 7, cmov, cx8, fxsr, mmx, sse, sse2, sse3, ssse3, sse4.1, sse4.2, popcnt, vzeroupper, avx, clmul, ht, tsc, tscinvbit, clflush

Memory: 4k page, system-wide physical 3947M (265M free)
TotalPageFile size 5336M (AvailPageFile size 44M)
current process WorkingSet (physical memory assigned to process): 10M, peak: 10M
current process commit charge ("private bytes"): 51M, peak: 115M

vm_info: OpenJDK 64-Bit Server VM (15+36-1562) for windows-amd64 JRE (15+36-1562), built on Aug 11 2020 22:33:04 by "mach5one" with unknown MS VC++:1925

END.
