#
# There is insufficient memory for the Java Runtime Environment to continue.
# Native memory allocation (malloc) failed to allocate 32744 bytes for ChunkPool::allocate
# Possible reasons:
#   The system is out of physical RAM or swap space
#   The process is running with CompressedOops enabled, and the Java Heap may be blocking the growth of the native heap
# Possible solutions:
#   Reduce memory load on the system
#   Increase physical memory or swap space
#   Check if swap backing store is full
#   Decrease Java heap size (-Xmx/-Xms)
#   Decrease number of Java threads
#   Decrease Java thread stack sizes (-Xss)
#   Set larger code cache with -XX:ReservedCodeCacheSize=
#   JVM is running with Unscaled Compressed Oops mode in which the Java heap is
#     placed in the first 4GB address space. The Java Heap base address is the
#     maximum limit for the native heap growth. Please use -XX:HeapBaseMinAddress
#     to set the Java Heap base and to place the Java Heap above 4GB virtual address.
# This output file may be truncated or incomplete.
#
#  Out of Memory Error (./open/src/hotspot/share/memory/arena.cpp:79), pid=1292, tid=2752
#
# JRE version: OpenJDK Runtime Environment (15.0+36) (build 15+36-1562)
# Java VM: OpenJDK 64-Bit Server VM (15+36-1562, mixed mode, sharing, tiered, compressed oops, g1 gc, windows-amd64)
# No core dump will be written. Minidumps are not enabled by default on client versions of Windows
#

---------------  S U M M A R Y ------------

Command Line: --add-opens=java.base/java.util=ALL-UNNAMED --add-opens=java.base/java.lang=ALL-UNNAMED --add-opens=java.base/java.lang.invoke=ALL-UNNAMED --add-opens=java.prefs/java.util.prefs=ALL-UNNAMED -XX:MaxMetaspaceSize=256m -XX:+HeapDumpOnOutOfMemoryError -Xms256m -Xmx512m -Dfile.encoding=UTF-8 -Duser.country=US -Duser.language=en -Duser.variant org.gradle.launcher.daemon.bootstrap.GradleDaemon 6.9

Host: Intel(R) Core(TM) i3-2330M CPU @ 2.20GHz, 4 cores, 3G,  Windows 10 , 64 bit Build 19041 (10.0.19041.1202)
Time: Sun Oct 17 06:10:50 2021 W. Europe Daylight Time elapsed time: 1076.518381 seconds (0d 0h 17m 56s)

---------------  T H R E A D  ---------------

Current thread (0x00000232ab610af0):  JavaThread "C2 CompilerThread0" daemon [_thread_in_native, id=2752, stack(0x0000004e8c100000,0x0000004e8c200000)]


Current CompileTask:
C2:1076518 4872   !   4       java.util.concurrent.LinkedBlockingQueue::poll (128 bytes)

Stack: [0x0000004e8c100000,0x0000004e8c200000]
Native frames: (J=compiled Java code, j=interpreted, Vv=VM code, C=native code)
V  [jvm.dll+0x629eaa]
V  [jvm.dll+0x780379]
V  [jvm.dll+0x781ad3]
V  [jvm.dll+0x782133]
V  [jvm.dll+0x2159d5]
V  [jvm.dll+0x97cdf]
V  [jvm.dll+0x97abd]
V  [jvm.dll+0x608b94]
V  [jvm.dll+0x6542ca]
V  [jvm.dll+0x18ddfd]
V  [jvm.dll+0x1e9ef2]
V  [jvm.dll+0x1e903e]
V  [jvm.dll+0x177f17]
V  [jvm.dll+0x1f88f5]
V  [jvm.dll+0x1f699c]
V  [jvm.dll+0x74384d]
V  [jvm.dll+0x73c64a]
V  [jvm.dll+0x628d16]
C  [ucrtbase.dll+0x21bb2]
C  [KERNEL32.DLL+0x17034]
C  [ntdll.dll+0x52651]


---------------  P R O C E S S  ---------------

Threads class SMR info:
_java_thread_list=0x00000232ad927180, length=30, elements={
0x000002328ecde790, 0x00000232ab5ec760, 0x00000232ab5edad0, 0x00000232ab608880,
0x00000232ab609330, 0x00000232ab60c590, 0x00000232ab610af0, 0x00000232ab615240,
0x00000232ab6163e0, 0x00000232ac03af90, 0x00000232ac051c20, 0x00000232ad6d9990,
0x00000232acd703b0, 0x00000232ad6c0f30, 0x00000232abfba500, 0x00000232abfbb370,
0x00000232abfba9d0, 0x00000232ad86d030, 0x00000232ad86c690, 0x00000232ad86cb60,
0x00000232ad8726d0, 0x00000232ad871860, 0x00000232ad86c1c0, 0x00000232ad86e370,
0x00000232ad86ed10, 0x00000232ad86f6b0, 0x00000232ad86bcf0, 0x00000232ad872ba0,
0x00000232ad871390, 0x00000232abfbc1e0
}

Java Threads: ( => current thread )
  0x000002328ecde790 JavaThread "main" [_thread_blocked, id=1092, stack(0x0000004e8b500000,0x0000004e8b600000)]
  0x00000232ab5ec760 JavaThread "Reference Handler" daemon [_thread_blocked, id=6292, stack(0x0000004e8bc00000,0x0000004e8bd00000)]
  0x00000232ab5edad0 JavaThread "Finalizer" daemon [_thread_blocked, id=7536, stack(0x0000004e8bd00000,0x0000004e8be00000)]
  0x00000232ab608880 JavaThread "Signal Dispatcher" daemon [_thread_blocked, id=2652, stack(0x0000004e8be00000,0x0000004e8bf00000)]
  0x00000232ab609330 JavaThread "Attach Listener" daemon [_thread_blocked, id=6260, stack(0x0000004e8bf00000,0x0000004e8c000000)]
  0x00000232ab60c590 JavaThread "Service Thread" daemon [_thread_blocked, id=8216, stack(0x0000004e8c000000,0x0000004e8c100000)]
=>0x00000232ab610af0 JavaThread "C2 CompilerThread0" daemon [_thread_in_native, id=2752, stack(0x0000004e8c100000,0x0000004e8c200000)]
  0x00000232ab615240 JavaThread "C1 CompilerThread0" daemon [_thread_blocked, id=8596, stack(0x0000004e8c200000,0x0000004e8c300000)]
  0x00000232ab6163e0 JavaThread "Sweeper thread" daemon [_thread_blocked, id=6512, stack(0x0000004e8c300000,0x0000004e8c400000)]
  0x00000232ac03af90 JavaThread "Common-Cleaner" daemon [_thread_blocked, id=7780, stack(0x0000004e8c400000,0x0000004e8c500000)]
  0x00000232ac051c20 JavaThread "Notification Thread" daemon [_thread_blocked, id=6580, stack(0x0000004e8c500000,0x0000004e8c600000)]
  0x00000232ad6d9990 JavaThread "Daemon health stats" [_thread_blocked, id=6464, stack(0x0000004e8ca00000,0x0000004e8cb00000)]
  0x00000232acd703b0 JavaThread "Incoming local TCP Connector on port 59722" [_thread_in_native, id=2188, stack(0x0000004e8cb00000,0x0000004e8cc00000)]
  0x00000232ad6c0f30 JavaThread "Daemon periodic checks" [_thread_blocked, id=1028, stack(0x0000004e8cc00000,0x0000004e8cd00000)]
  0x00000232abfba500 JavaThread "Cache worker for file hash cache (C:\Users\Achim\.gradle\caches\6.9\fileHashes)" [_thread_blocked, id=5128, stack(0x0000004e8d400000,0x0000004e8d500000)]
  0x00000232abfbb370 JavaThread "File lock request listener" [_thread_in_native, id=7904, stack(0x0000004e8d500000,0x0000004e8d600000)]
  0x00000232abfba9d0 JavaThread "Cache worker for journal cache (C:\Users\Achim\.gradle\caches\journal-1)" [_thread_blocked, id=4624, stack(0x0000004e8d600000,0x0000004e8d700000)]
  0x00000232ad86d030 JavaThread "Cache worker for execution history cache (C:\Users\Achim\.gradle\caches\6.9\executionHistory)" [_thread_blocked, id=6864, stack(0x0000004e8db00000,0x0000004e8dc00000)]
  0x00000232ad86c690 JavaThread "Cache worker for file content cache (C:\Users\Achim\.gradle\caches\6.9\fileContent)" [_thread_blocked, id=6896, stack(0x0000004e8dd00000,0x0000004e8de00000)]
  0x00000232ad86cb60 JavaThread "Daemon Thread 2" [_thread_blocked, id=8584, stack(0x0000004e8b200000,0x0000004e8b300000)]
  0x00000232ad8726d0 JavaThread "Handler for socket connection from /127.0.0.1:59722 to /127.0.0.1:59731" [_thread_in_native, id=4276, stack(0x0000004e8b300000,0x0000004e8b400000)]
  0x00000232ad871860 JavaThread "Cancel handler" [_thread_blocked, id=5164, stack(0x0000004e8b400000,0x0000004e8b500000)]
  0x00000232ad86c1c0 JavaThread "Daemon worker Thread 2" [_thread_in_native, id=2772, stack(0x0000004e8cd00000,0x0000004e8ce00000)]
  0x00000232ad86e370 JavaThread "Asynchronous log dispatcher for DefaultDaemonConnection: socket connection from /127.0.0.1:59722 to /127.0.0.1:59731" [_thread_blocked, id=7824, stack(0x0000004e8ce00000,0x0000004e8cf00000)]
  0x00000232ad86ed10 JavaThread "Stdin handler" [_thread_blocked, id=7060, stack(0x0000004e8cf00000,0x0000004e8d000000)]
  0x00000232ad86f6b0 JavaThread "Daemon client event forwarder" [_thread_blocked, id=8960, stack(0x0000004e8d000000,0x0000004e8d100000)]
  0x00000232ad86bcf0 JavaThread "Cache worker for file hash cache (C:\Users\Achim\Downloads\React\react-native-projeleri\AwesomeProject\android\.gradle\6.9\fileHashes)" [_thread_blocked, id=6236, stack(0x0000004e8d100000,0x0000004e8d200000)]
  0x00000232ad872ba0 JavaThread "Cache worker for checksums cache (C:\Users\Achim\Downloads\React\react-native-projeleri\AwesomeProject\android\.gradle\checksums)" [_thread_blocked, id=4860, stack(0x0000004e8d200000,0x0000004e8d300000)]
  0x00000232ad871390 JavaThread "Cache worker for cache directory md-supplier (C:\Users\Achim\.gradle\caches\6.9\md-supplier)" [_thread_blocked, id=6836, stack(0x0000004e8d300000,0x0000004e8d400000)]
  0x00000232abfbc1e0 JavaThread "Cache worker for cache directory md-rule (C:\Users\Achim\.gradle\caches\6.9\md-rule)" [_thread_blocked, id=7520, stack(0x0000004e8d700000,0x0000004e8d800000)]

Other Threads:
  0x00000232ab5e75c0 VMThread "VM Thread" [stack: 0x0000004e8bb00000,0x0000004e8bc00000] [id=2924]
  0x00000232ac0569d0 WatcherThread [stack: 0x0000004e8c600000,0x0000004e8c700000] [id=3612]
  0x000002328ed06450 GCTaskThread "GC Thread#0" [stack: 0x0000004e8b600000,0x0000004e8b700000] [id=1248]
  0x00000232ac4d21d0 GCTaskThread "GC Thread#1" [stack: 0x0000004e8c700000,0x0000004e8c800000] [id=2052]
  0x00000232ac4d1840 GCTaskThread "GC Thread#2" [stack: 0x0000004e8c800000,0x0000004e8c900000] [id=6308]
  0x00000232ac4d11e0 GCTaskThread "GC Thread#3" [stack: 0x0000004e8c900000,0x0000004e8ca00000] [id=7836]
  0x000002328ed0b670 ConcurrentGCThread "G1 Main Marker" [stack: 0x0000004e8b700000,0x0000004e8b800000] [id=3548]
  0x000002328ed0ca00 ConcurrentGCThread "G1 Conc#0" [stack: 0x0000004e8b800000,0x0000004e8b900000] [id=2912]
  0x000002328edaeaf0 ConcurrentGCThread "G1 Refine#0" [stack: 0x0000004e8b900000,0x0000004e8ba00000] [id=6628]
  0x00000232ab49a880 ConcurrentGCThread "G1 Young RemSet Sampling" [stack: 0x0000004e8ba00000,0x0000004e8bb00000] [id=7652]

Threads with active compile tasks:
C2 CompilerThread0  1076855 4872   !   4       java.util.concurrent.LinkedBlockingQueue::poll (128 bytes)

VM state: not at safepoint (normal execution)

VM Mutex/Monitor currently owned by a thread: None

Heap address: 0x00000000e0000000, size: 512 MB, Compressed Oops mode: 32-bit
CDS archive(s) mapped at: [0x0000000800000000-0x0000000800b50000-0x0000000800b50000), size 11862016, SharedBaseAddress: 0x0000000800000000, ArchiveRelocationMode: 0.
Compressed class space mapped at: 0x0000000800b50000-0x0000000810350000, size: 260046848
Narrow klass base: 0x0000000800000000, Narrow klass shift: 3, Narrow klass range: 0x100000000

GC Precious Log:
 CPUs: 4 total, 4 available
 Memory: 3947M
 Large Page Support: Disabled
 NUMA Support: Disabled
 Compressed Oops: Enabled (32-bit)
 Heap Region Size: 1M
 Heap Min Capacity: 256M
 Heap Initial Capacity: 256M
 Heap Max Capacity: 512M
 Pre-touch: Disabled
 Parallel Workers: 4
 Concurrent Workers: 1
 Concurrent Refinement Workers: 4
 Periodic GC: Disabled

Heap:
 garbage-first heap   total 262144K, used 36038K [0x00000000e0000000, 0x0000000100000000)
  region size 1024K, 24 young (24576K), 13 survivors (13312K)
 Metaspace       used 34793K, capacity 35521K, committed 35760K, reserved 286720K
  class space    used 4358K, capacity 4562K, committed 4608K, reserved 253952K

Heap Regions: E=young(eden), S=young(survivor), O=old, HS=humongous(starts), HC=humongous(continues), CS=collection set, F=free, OA=open archive, CA=closed archive, TAMS=top-at-mark-start (previous, next)
|   0|0x00000000e0000000, 0x00000000e0100000, 0x00000000e0100000|100%| O|  |TAMS 0x00000000e0100000, 0x00000000e0000000| Untracked 
|   1|0x00000000e0100000, 0x00000000e0200000, 0x00000000e0200000|100%| O|  |TAMS 0x00000000e0135c00, 0x00000000e0100000| Untracked 
|   2|0x00000000e0200000, 0x00000000e0200000, 0x00000000e0300000|  0%| F|  |TAMS 0x00000000e0200000, 0x00000000e0200000| Untracked 
|   3|0x00000000e0300000, 0x00000000e0400000, 0x00000000e0400000|100%|HS|  |TAMS 0x00000000e0400000, 0x00000000e0300000| Complete 
|   4|0x00000000e0400000, 0x00000000e0500000, 0x00000000e0500000|100%|HC|  |TAMS 0x00000000e0500000, 0x00000000e0400000| Complete 
|   5|0x00000000e0500000, 0x00000000e0600000, 0x00000000e0600000|100%|HC|  |TAMS 0x00000000e0600000, 0x00000000e0500000| Complete 
|   6|0x00000000e0600000, 0x00000000e0700000, 0x00000000e0700000|100%| O|  |TAMS 0x00000000e0700000, 0x00000000e0600000| Untracked 
|   7|0x00000000e0700000, 0x00000000e0800000, 0x00000000e0800000|100%| O|  |TAMS 0x00000000e0800000, 0x00000000e0700000| Untracked 
|   8|0x00000000e0800000, 0x00000000e0900000, 0x00000000e0900000|100%| O|  |TAMS 0x00000000e0900000, 0x00000000e0800000| Untracked 
|   9|0x00000000e0900000, 0x00000000e0a00000, 0x00000000e0a00000|100%| O|  |TAMS 0x00000000e0a00000, 0x00000000e0900000| Untracked 
|  10|0x00000000e0a00000, 0x00000000e0a00000, 0x00000000e0b00000|  0%| F|  |TAMS 0x00000000e0a00000, 0x00000000e0a00000| Untracked 
|  11|0x00000000e0b00000, 0x00000000e0b00000, 0x00000000e0c00000|  0%| F|  |TAMS 0x00000000e0b00000, 0x00000000e0b00000| Untracked 
|  12|0x00000000e0c00000, 0x00000000e0d00000, 0x00000000e0d00000|100%| O|  |TAMS 0x00000000e0c00000, 0x00000000e0c00000| Untracked 
|  13|0x00000000e0d00000, 0x00000000e0e00000, 0x00000000e0e00000|100%| O|  |TAMS 0x00000000e0d00000, 0x00000000e0d00000| Untracked 
|  14|0x00000000e0e00000, 0x00000000e0f00000, 0x00000000e0f00000|100%| O|  |TAMS 0x00000000e0e00000, 0x00000000e0e00000| Untracked 
|  15|0x00000000e0f00000, 0x00000000e0f31800, 0x00000000e1000000| 19%| O|  |TAMS 0x00000000e0f00000, 0x00000000e0f00000| Untracked 
|  16|0x00000000e1000000, 0x00000000e1000000, 0x00000000e1100000|  0%| F|  |TAMS 0x00000000e1000000, 0x00000000e1000000| Untracked 
|  17|0x00000000e1100000, 0x00000000e1100000, 0x00000000e1200000|  0%| F|  |TAMS 0x00000000e1100000, 0x00000000e1100000| Untracked 
|  18|0x00000000e1200000, 0x00000000e1200000, 0x00000000e1300000|  0%| F|  |TAMS 0x00000000e1200000, 0x00000000e1200000| Untracked 
|  19|0x00000000e1300000, 0x00000000e1300000, 0x00000000e1400000|  0%| F|  |TAMS 0x00000000e1300000, 0x00000000e1300000| Untracked 
|  20|0x00000000e1400000, 0x00000000e1400000, 0x00000000e1500000|  0%| F|  |TAMS 0x00000000e1400000, 0x00000000e1400000| Untracked 
|  21|0x00000000e1500000, 0x00000000e1500000, 0x00000000e1600000|  0%| F|  |TAMS 0x00000000e1500000, 0x00000000e1500000| Untracked 
|  22|0x00000000e1600000, 0x00000000e1600000, 0x00000000e1700000|  0%| F|  |TAMS 0x00000000e1600000, 0x00000000e1600000| Untracked 
|  23|0x00000000e1700000, 0x00000000e1700000, 0x00000000e1800000|  0%| F|  |TAMS 0x00000000e1700000, 0x00000000e1700000| Untracked 
|  24|0x00000000e1800000, 0x00000000e1800000, 0x00000000e1900000|  0%| F|  |TAMS 0x00000000e1800000, 0x00000000e1800000| Untracked 
|  25|0x00000000e1900000, 0x00000000e1900000, 0x00000000e1a00000|  0%| F|  |TAMS 0x00000000e1900000, 0x00000000e1900000| Untracked 
|  26|0x00000000e1a00000, 0x00000000e1a00000, 0x00000000e1b00000|  0%| F|  |TAMS 0x00000000e1a00000, 0x00000000e1a00000| Untracked 
|  27|0x00000000e1b00000, 0x00000000e1b00000, 0x00000000e1c00000|  0%| F|  |TAMS 0x00000000e1b00000, 0x00000000e1b00000| Untracked 
|  28|0x00000000e1c00000, 0x00000000e1c00000, 0x00000000e1d00000|  0%| F|  |TAMS 0x00000000e1c00000, 0x00000000e1c00000| Untracked 
|  29|0x00000000e1d00000, 0x00000000e1d00000, 0x00000000e1e00000|  0%| F|  |TAMS 0x00000000e1d00000, 0x00000000e1d00000| Untracked 
|  30|0x00000000e1e00000, 0x00000000e1e00000, 0x00000000e1f00000|  0%| F|  |TAMS 0x00000000e1e00000, 0x00000000e1e00000| Untracked 
|  31|0x00000000e1f00000, 0x00000000e1f00000, 0x00000000e2000000|  0%| F|  |TAMS 0x00000000e1f00000, 0x00000000e1f00000| Untracked 
|  32|0x00000000e2000000, 0x00000000e2000000, 0x00000000e2100000|  0%| F|  |TAMS 0x00000000e2000000, 0x00000000e2000000| Untracked 
|  33|0x00000000e2100000, 0x00000000e2100000, 0x00000000e2200000|  0%| F|  |TAMS 0x00000000e2100000, 0x00000000e2100000| Untracked 
|  34|0x00000000e2200000, 0x00000000e2200000, 0x00000000e2300000|  0%| F|  |TAMS 0x00000000e2200000, 0x00000000e2200000| Untracked 
|  35|0x00000000e2300000, 0x00000000e2300000, 0x00000000e2400000|  0%| F|  |TAMS 0x00000000e2300000, 0x00000000e2300000| Untracked 
|  36|0x00000000e2400000, 0x00000000e2400000, 0x00000000e2500000|  0%| F|  |TAMS 0x00000000e2400000, 0x00000000e2400000| Untracked 
|  37|0x00000000e2500000, 0x00000000e2500000, 0x00000000e2600000|  0%| F|  |TAMS 0x00000000e2500000, 0x00000000e2500000| Untracked 
|  38|0x00000000e2600000, 0x00000000e2600000, 0x00000000e2700000|  0%| F|  |TAMS 0x00000000e2600000, 0x00000000e2600000| Untracked 
|  39|0x00000000e2700000, 0x00000000e2700000, 0x00000000e2800000|  0%| F|  |TAMS 0x00000000e2700000, 0x00000000e2700000| Untracked 
|  40|0x00000000e2800000, 0x00000000e2800000, 0x00000000e2900000|  0%| F|  |TAMS 0x00000000e2800000, 0x00000000e2800000| Untracked 
|  41|0x00000000e2900000, 0x00000000e2900000, 0x00000000e2a00000|  0%| F|  |TAMS 0x00000000e2900000, 0x00000000e2900000| Untracked 
|  42|0x00000000e2a00000, 0x00000000e2a00000, 0x00000000e2b00000|  0%| F|  |TAMS 0x00000000e2a00000, 0x00000000e2a00000| Untracked 
|  43|0x00000000e2b00000, 0x00000000e2b00000, 0x00000000e2c00000|  0%| F|  |TAMS 0x00000000e2b00000, 0x00000000e2b00000| Untracked 
|  44|0x00000000e2c00000, 0x00000000e2c00000, 0x00000000e2d00000|  0%| F|  |TAMS 0x00000000e2c00000, 0x00000000e2c00000| Untracked 
|  45|0x00000000e2d00000, 0x00000000e2d00000, 0x00000000e2e00000|  0%| F|  |TAMS 0x00000000e2d00000, 0x00000000e2d00000| Untracked 
|  46|0x00000000e2e00000, 0x00000000e2e00000, 0x00000000e2f00000|  0%| F|  |TAMS 0x00000000e2e00000, 0x00000000e2e00000| Untracked 
|  47|0x00000000e2f00000, 0x00000000e2f00000, 0x00000000e3000000|  0%| F|  |TAMS 0x00000000e2f00000, 0x00000000e2f00000| Untracked 
|  48|0x00000000e3000000, 0x00000000e3000000, 0x00000000e3100000|  0%| F|  |TAMS 0x00000000e3000000, 0x00000000e3000000| Untracked 
|  49|0x00000000e3100000, 0x00000000e3100000, 0x00000000e3200000|  0%| F|  |TAMS 0x00000000e3100000, 0x00000000e3100000| Untracked 
|  50|0x00000000e3200000, 0x00000000e3200000, 0x00000000e3300000|  0%| F|  |TAMS 0x00000000e3200000, 0x00000000e3200000| Untracked 
|  51|0x00000000e3300000, 0x00000000e3300000, 0x00000000e3400000|  0%| F|  |TAMS 0x00000000e3300000, 0x00000000e3300000| Untracked 
|  52|0x00000000e3400000, 0x00000000e3400000, 0x00000000e3500000|  0%| F|  |TAMS 0x00000000e3400000, 0x00000000e3400000| Untracked 
|  53|0x00000000e3500000, 0x00000000e3500000, 0x00000000e3600000|  0%| F|  |TAMS 0x00000000e3500000, 0x00000000e3500000| Untracked 
|  54|0x00000000e3600000, 0x00000000e3600000, 0x00000000e3700000|  0%| F|  |TAMS 0x00000000e3600000, 0x00000000e3600000| Untracked 
|  55|0x00000000e3700000, 0x00000000e3700000, 0x00000000e3800000|  0%| F|  |TAMS 0x00000000e3700000, 0x00000000e3700000| Untracked 
|  56|0x00000000e3800000, 0x00000000e3800000, 0x00000000e3900000|  0%| F|  |TAMS 0x00000000e3800000, 0x00000000e3800000| Untracked 
|  57|0x00000000e3900000, 0x00000000e3900000, 0x00000000e3a00000|  0%| F|  |TAMS 0x00000000e3900000, 0x00000000e3900000| Untracked 
|  58|0x00000000e3a00000, 0x00000000e3a00000, 0x00000000e3b00000|  0%| F|  |TAMS 0x00000000e3a00000, 0x00000000e3a00000| Untracked 
|  59|0x00000000e3b00000, 0x00000000e3b00000, 0x00000000e3c00000|  0%| F|  |TAMS 0x00000000e3b00000, 0x00000000e3b00000| Untracked 
|  60|0x00000000e3c00000, 0x00000000e3c00000, 0x00000000e3d00000|  0%| F|  |TAMS 0x00000000e3c00000, 0x00000000e3c00000| Untracked 
|  61|0x00000000e3d00000, 0x00000000e3d00000, 0x00000000e3e00000|  0%| F|  |TAMS 0x00000000e3d00000, 0x00000000e3d00000| Untracked 
|  62|0x00000000e3e00000, 0x00000000e3e00000, 0x00000000e3f00000|  0%| F|  |TAMS 0x00000000e3e00000, 0x00000000e3e00000| Untracked 
|  63|0x00000000e3f00000, 0x00000000e3f00000, 0x00000000e4000000|  0%| F|  |TAMS 0x00000000e3f00000, 0x00000000e3f00000| Untracked 
|  64|0x00000000e4000000, 0x00000000e4000000, 0x00000000e4100000|  0%| F|  |TAMS 0x00000000e4000000, 0x00000000e4000000| Untracked 
|  65|0x00000000e4100000, 0x00000000e4100000, 0x00000000e4200000|  0%| F|  |TAMS 0x00000000e4100000, 0x00000000e4100000| Untracked 
|  66|0x00000000e4200000, 0x00000000e4200000, 0x00000000e4300000|  0%| F|  |TAMS 0x00000000e4200000, 0x00000000e4200000| Untracked 
|  67|0x00000000e4300000, 0x00000000e4300000, 0x00000000e4400000|  0%| F|  |TAMS 0x00000000e4300000, 0x00000000e4300000| Untracked 
|  68|0x00000000e4400000, 0x00000000e4400000, 0x00000000e4500000|  0%| F|  |TAMS 0x00000000e4400000, 0x00000000e4400000| Untracked 
|  69|0x00000000e4500000, 0x00000000e4500000, 0x00000000e4600000|  0%| F|  |TAMS 0x00000000e4500000, 0x00000000e4500000| Untracked 
|  70|0x00000000e4600000, 0x00000000e4600000, 0x00000000e4700000|  0%| F|  |TAMS 0x00000000e4600000, 0x00000000e4600000| Untracked 
|  71|0x00000000e4700000, 0x00000000e4700000, 0x00000000e4800000|  0%| F|  |TAMS 0x00000000e4700000, 0x00000000e4700000| Untracked 
|  72|0x00000000e4800000, 0x00000000e4800000, 0x00000000e4900000|  0%| F|  |TAMS 0x00000000e4800000, 0x00000000e4800000| Untracked 
|  73|0x00000000e4900000, 0x00000000e4900000, 0x00000000e4a00000|  0%| F|  |TAMS 0x00000000e4900000, 0x00000000e4900000| Untracked 
|  74|0x00000000e4a00000, 0x00000000e4a00000, 0x00000000e4b00000|  0%| F|  |TAMS 0x00000000e4a00000, 0x00000000e4a00000| Untracked 
|  75|0x00000000e4b00000, 0x00000000e4b00000, 0x00000000e4c00000|  0%| F|  |TAMS 0x00000000e4b00000, 0x00000000e4b00000| Untracked 
|  76|0x00000000e4c00000, 0x00000000e4c00000, 0x00000000e4d00000|  0%| F|  |TAMS 0x00000000e4c00000, 0x00000000e4c00000| Untracked 
|  77|0x00000000e4d00000, 0x00000000e4d00000, 0x00000000e4e00000|  0%| F|  |TAMS 0x00000000e4d00000, 0x00000000e4d00000| Untracked 
|  78|0x00000000e4e00000, 0x00000000e4e00000, 0x00000000e4f00000|  0%| F|  |TAMS 0x00000000e4e00000, 0x00000000e4e00000| Untracked 
|  79|0x00000000e4f00000, 0x00000000e4f00000, 0x00000000e5000000|  0%| F|  |TAMS 0x00000000e4f00000, 0x00000000e4f00000| Untracked 
|  80|0x00000000e5000000, 0x00000000e5000000, 0x00000000e5100000|  0%| F|  |TAMS 0x00000000e5000000, 0x00000000e5000000| Untracked 
|  81|0x00000000e5100000, 0x00000000e5100000, 0x00000000e5200000|  0%| F|  |TAMS 0x00000000e5100000, 0x00000000e5100000| Untracked 
|  82|0x00000000e5200000, 0x00000000e5200000, 0x00000000e5300000|  0%| F|  |TAMS 0x00000000e5200000, 0x00000000e5200000| Untracked 
|  83|0x00000000e5300000, 0x00000000e5300000, 0x00000000e5400000|  0%| F|  |TAMS 0x00000000e5300000, 0x00000000e5300000| Untracked 
|  84|0x00000000e5400000, 0x00000000e5400000, 0x00000000e5500000|  0%| F|  |TAMS 0x00000000e5400000, 0x00000000e5400000| Untracked 
|  85|0x00000000e5500000, 0x00000000e5500000, 0x00000000e5600000|  0%| F|  |TAMS 0x00000000e5500000, 0x00000000e5500000| Untracked 
|  86|0x00000000e5600000, 0x00000000e5600000, 0x00000000e5700000|  0%| F|  |TAMS 0x00000000e5600000, 0x00000000e5600000| Untracked 
|  87|0x00000000e5700000, 0x00000000e5700000, 0x00000000e5800000|  0%| F|  |TAMS 0x00000000e5700000, 0x00000000e5700000| Untracked 
|  88|0x00000000e5800000, 0x00000000e5800000, 0x00000000e5900000|  0%| F|  |TAMS 0x00000000e5800000, 0x00000000e5800000| Untracked 
|  89|0x00000000e5900000, 0x00000000e5900000, 0x00000000e5a00000|  0%| F|  |TAMS 0x00000000e5900000, 0x00000000e5900000| Untracked 
|  90|0x00000000e5a00000, 0x00000000e5a00000, 0x00000000e5b00000|  0%| F|  |TAMS 0x00000000e5a00000, 0x00000000e5a00000| Untracked 
|  91|0x00000000e5b00000, 0x00000000e5b00000, 0x00000000e5c00000|  0%| F|  |TAMS 0x00000000e5b00000, 0x00000000e5b00000| Untracked 
|  92|0x00000000e5c00000, 0x00000000e5c00000, 0x00000000e5d00000|  0%| F|  |TAMS 0x00000000e5c00000, 0x00000000e5c00000| Untracked 
|  93|0x00000000e5d00000, 0x00000000e5d00000, 0x00000000e5e00000|  0%| F|  |TAMS 0x00000000e5d00000, 0x00000000e5d00000| Untracked 
|  94|0x00000000e5e00000, 0x00000000e5e00000, 0x00000000e5f00000|  0%| F|  |TAMS 0x00000000e5e00000, 0x00000000e5e00000| Untracked 
|  95|0x00000000e5f00000, 0x00000000e5f00000, 0x00000000e6000000|  0%| F|  |TAMS 0x00000000e5f00000, 0x00000000e5f00000| Untracked 
|  96|0x00000000e6000000, 0x00000000e6000000, 0x00000000e6100000|  0%| F|  |TAMS 0x00000000e6000000, 0x00000000e6000000| Untracked 
|  97|0x00000000e6100000, 0x00000000e6100000, 0x00000000e6200000|  0%| F|  |TAMS 0x00000000e6100000, 0x00000000e6100000| Untracked 
|  98|0x00000000e6200000, 0x00000000e6200000, 0x00000000e6300000|  0%| F|  |TAMS 0x00000000e6200000, 0x00000000e6200000| Untracked 
|  99|0x00000000e6300000, 0x00000000e6300000, 0x00000000e6400000|  0%| F|  |TAMS 0x00000000e6300000, 0x00000000e6300000| Untracked 
| 100|0x00000000e6400000, 0x00000000e6400000, 0x00000000e6500000|  0%| F|  |TAMS 0x00000000e6400000, 0x00000000e6400000| Untracked 
| 101|0x00000000e6500000, 0x00000000e6500000, 0x00000000e6600000|  0%| F|  |TAMS 0x00000000e6500000, 0x00000000e6500000| Untracked 
| 102|0x00000000e6600000, 0x00000000e6600000, 0x00000000e6700000|  0%| F|  |TAMS 0x00000000e6600000, 0x00000000e6600000| Untracked 
| 103|0x00000000e6700000, 0x00000000e6700000, 0x00000000e6800000|  0%| F|  |TAMS 0x00000000e6700000, 0x00000000e6700000| Untracked 
| 104|0x00000000e6800000, 0x00000000e6800000, 0x00000000e6900000|  0%| F|  |TAMS 0x00000000e6800000, 0x00000000e6800000| Untracked 
| 105|0x00000000e6900000, 0x00000000e6900000, 0x00000000e6a00000|  0%| F|  |TAMS 0x00000000e6900000, 0x00000000e6900000| Untracked 
| 106|0x00000000e6a00000, 0x00000000e6a00000, 0x00000000e6b00000|  0%| F|  |TAMS 0x00000000e6a00000, 0x00000000e6a00000| Untracked 
| 107|0x00000000e6b00000, 0x00000000e6b00000, 0x00000000e6c00000|  0%| F|  |TAMS 0x00000000e6b00000, 0x00000000e6b00000| Untracked 
| 108|0x00000000e6c00000, 0x00000000e6c00000, 0x00000000e6d00000|  0%| F|  |TAMS 0x00000000e6c00000, 0x00000000e6c00000| Untracked 
| 109|0x00000000e6d00000, 0x00000000e6d00000, 0x00000000e6e00000|  0%| F|  |TAMS 0x00000000e6d00000, 0x00000000e6d00000| Untracked 
| 110|0x00000000e6e00000, 0x00000000e6e00000, 0x00000000e6f00000|  0%| F|  |TAMS 0x00000000e6e00000, 0x00000000e6e00000| Untracked 
| 111|0x00000000e6f00000, 0x00000000e6f00000, 0x00000000e7000000|  0%| F|  |TAMS 0x00000000e6f00000, 0x00000000e6f00000| Untracked 
| 112|0x00000000e7000000, 0x00000000e7000000, 0x00000000e7100000|  0%| F|  |TAMS 0x00000000e7000000, 0x00000000e7000000| Untracked 
| 113|0x00000000e7100000, 0x00000000e7100000, 0x00000000e7200000|  0%| F|  |TAMS 0x00000000e7100000, 0x00000000e7100000| Untracked 
| 114|0x00000000e7200000, 0x00000000e7200000, 0x00000000e7300000|  0%| F|  |TAMS 0x00000000e7200000, 0x00000000e7200000| Untracked 
| 115|0x00000000e7300000, 0x00000000e7300000, 0x00000000e7400000|  0%| F|  |TAMS 0x00000000e7300000, 0x00000000e7300000| Untracked 
| 116|0x00000000e7400000, 0x00000000e7400000, 0x00000000e7500000|  0%| F|  |TAMS 0x00000000e7400000, 0x00000000e7400000| Untracked 
| 117|0x00000000e7500000, 0x00000000e7500000, 0x00000000e7600000|  0%| F|  |TAMS 0x00000000e7500000, 0x00000000e7500000| Untracked 
| 118|0x00000000e7600000, 0x00000000e7600000, 0x00000000e7700000|  0%| F|  |TAMS 0x00000000e7600000, 0x00000000e7600000| Untracked 
| 119|0x00000000e7700000, 0x00000000e7700000, 0x00000000e7800000|  0%| F|  |TAMS 0x00000000e7700000, 0x00000000e7700000| Untracked 
| 120|0x00000000e7800000, 0x00000000e7800000, 0x00000000e7900000|  0%| F|  |TAMS 0x00000000e7800000, 0x00000000e7800000| Untracked 
| 121|0x00000000e7900000, 0x00000000e7900000, 0x00000000e7a00000|  0%| F|  |TAMS 0x00000000e7900000, 0x00000000e7900000| Untracked 
| 122|0x00000000e7a00000, 0x00000000e7a00000, 0x00000000e7b00000|  0%| F|  |TAMS 0x00000000e7a00000, 0x00000000e7a00000| Untracked 
| 123|0x00000000e7b00000, 0x00000000e7b00000, 0x00000000e7c00000|  0%| F|  |TAMS 0x00000000e7b00000, 0x00000000e7b00000| Untracked 
| 124|0x00000000e7c00000, 0x00000000e7c00000, 0x00000000e7d00000|  0%| F|  |TAMS 0x00000000e7c00000, 0x00000000e7c00000| Untracked 
| 125|0x00000000e7d00000, 0x00000000e7d00000, 0x00000000e7e00000|  0%| F|  |TAMS 0x00000000e7d00000, 0x00000000e7d00000| Untracked 
| 126|0x00000000e7e00000, 0x00000000e7e00000, 0x00000000e7f00000|  0%| F|  |TAMS 0x00000000e7e00000, 0x00000000e7e00000| Untracked 
| 127|0x00000000e7f00000, 0x00000000e7f00000, 0x00000000e8000000|  0%| F|  |TAMS 0x00000000e7f00000, 0x00000000e7f00000| Untracked 
| 128|0x00000000e8000000, 0x00000000e8000000, 0x00000000e8100000|  0%| F|  |TAMS 0x00000000e8000000, 0x00000000e8000000| Untracked 
| 129|0x00000000e8100000, 0x00000000e8100000, 0x00000000e8200000|  0%| F|  |TAMS 0x00000000e8100000, 0x00000000e8100000| Untracked 
| 130|0x00000000e8200000, 0x00000000e8200000, 0x00000000e8300000|  0%| F|  |TAMS 0x00000000e8200000, 0x00000000e8200000| Untracked 
| 131|0x00000000e8300000, 0x00000000e8300000, 0x00000000e8400000|  0%| F|  |TAMS 0x00000000e8300000, 0x00000000e8300000| Untracked 
| 132|0x00000000e8400000, 0x00000000e8400000, 0x00000000e8500000|  0%| F|  |TAMS 0x00000000e8400000, 0x00000000e8400000| Untracked 
| 133|0x00000000e8500000, 0x00000000e8600000, 0x00000000e8600000|100%| S|CS|TAMS 0x00000000e8500000, 0x00000000e8500000| Complete 
| 134|0x00000000e8600000, 0x00000000e8700000, 0x00000000e8700000|100%| S|CS|TAMS 0x00000000e8600000, 0x00000000e8600000| Complete 
| 135|0x00000000e8700000, 0x00000000e8800000, 0x00000000e8800000|100%| S|CS|TAMS 0x00000000e8700000, 0x00000000e8700000| Complete 
| 136|0x00000000e8800000, 0x00000000e8900000, 0x00000000e8900000|100%| S|CS|TAMS 0x00000000e8800000, 0x00000000e8800000| Complete 
| 137|0x00000000e8900000, 0x00000000e8a00000, 0x00000000e8a00000|100%| S|CS|TAMS 0x00000000e8900000, 0x00000000e8900000| Complete 
| 138|0x00000000e8a00000, 0x00000000e8b00000, 0x00000000e8b00000|100%| S|CS|TAMS 0x00000000e8a00000, 0x00000000e8a00000| Complete 
| 139|0x00000000e8b00000, 0x00000000e8c00000, 0x00000000e8c00000|100%| S|CS|TAMS 0x00000000e8b00000, 0x00000000e8b00000| Complete 
| 140|0x00000000e8c00000, 0x00000000e8d00000, 0x00000000e8d00000|100%| S|CS|TAMS 0x00000000e8c00000, 0x00000000e8c00000| Complete 
| 141|0x00000000e8d00000, 0x00000000e8e00000, 0x00000000e8e00000|100%| S|CS|TAMS 0x00000000e8d00000, 0x00000000e8d00000| Complete 
| 142|0x00000000e8e00000, 0x00000000e8f00000, 0x00000000e8f00000|100%| S|CS|TAMS 0x00000000e8e00000, 0x00000000e8e00000| Complete 
| 143|0x00000000e8f00000, 0x00000000e9000000, 0x00000000e9000000|100%| S|CS|TAMS 0x00000000e8f00000, 0x00000000e8f00000| Complete 
| 144|0x00000000e9000000, 0x00000000e9100000, 0x00000000e9100000|100%| S|CS|TAMS 0x00000000e9000000, 0x00000000e9000000| Complete 
| 145|0x00000000e9100000, 0x00000000e9200000, 0x00000000e9200000|100%| S|CS|TAMS 0x00000000e9100000, 0x00000000e9100000| Complete 
| 146|0x00000000e9200000, 0x00000000e9200000, 0x00000000e9300000|  0%| F|  |TAMS 0x00000000e9200000, 0x00000000e9200000| Untracked 
| 147|0x00000000e9300000, 0x00000000e9300000, 0x00000000e9400000|  0%| F|  |TAMS 0x00000000e9300000, 0x00000000e9300000| Untracked 
| 148|0x00000000e9400000, 0x00000000e9400000, 0x00000000e9500000|  0%| F|  |TAMS 0x00000000e9400000, 0x00000000e9400000| Untracked 
| 149|0x00000000e9500000, 0x00000000e9500000, 0x00000000e9600000|  0%| F|  |TAMS 0x00000000e9500000, 0x00000000e9500000| Untracked 
| 150|0x00000000e9600000, 0x00000000e9600000, 0x00000000e9700000|  0%| F|  |TAMS 0x00000000e9600000, 0x00000000e9600000| Untracked 
| 151|0x00000000e9700000, 0x00000000e9700000, 0x00000000e9800000|  0%| F|  |TAMS 0x00000000e9700000, 0x00000000e9700000| Untracked 
| 152|0x00000000e9800000, 0x00000000e9800000, 0x00000000e9900000|  0%| F|  |TAMS 0x00000000e9800000, 0x00000000e9800000| Untracked 
| 153|0x00000000e9900000, 0x00000000e9900000, 0x00000000e9a00000|  0%| F|  |TAMS 0x00000000e9900000, 0x00000000e9900000| Untracked 
| 154|0x00000000e9a00000, 0x00000000e9a00000, 0x00000000e9b00000|  0%| F|  |TAMS 0x00000000e9a00000, 0x00000000e9a00000| Untracked 
| 155|0x00000000e9b00000, 0x00000000e9b00000, 0x00000000e9c00000|  0%| F|  |TAMS 0x00000000e9b00000, 0x00000000e9b00000| Untracked 
| 156|0x00000000e9c00000, 0x00000000e9c00000, 0x00000000e9d00000|  0%| F|  |TAMS 0x00000000e9c00000, 0x00000000e9c00000| Untracked 
| 157|0x00000000e9d00000, 0x00000000e9d00000, 0x00000000e9e00000|  0%| F|  |TAMS 0x00000000e9d00000, 0x00000000e9d00000| Untracked 
| 158|0x00000000e9e00000, 0x00000000e9e00000, 0x00000000e9f00000|  0%| F|  |TAMS 0x00000000e9e00000, 0x00000000e9e00000| Untracked 
| 159|0x00000000e9f00000, 0x00000000e9f00000, 0x00000000ea000000|  0%| F|  |TAMS 0x00000000e9f00000, 0x00000000e9f00000| Untracked 
| 160|0x00000000ea000000, 0x00000000ea000000, 0x00000000ea100000|  0%| F|  |TAMS 0x00000000ea000000, 0x00000000ea000000| Untracked 
| 161|0x00000000ea100000, 0x00000000ea100000, 0x00000000ea200000|  0%| F|  |TAMS 0x00000000ea100000, 0x00000000ea100000| Untracked 
| 162|0x00000000ea200000, 0x00000000ea200000, 0x00000000ea300000|  0%| F|  |TAMS 0x00000000ea200000, 0x00000000ea200000| Untracked 
| 163|0x00000000ea300000, 0x00000000ea300000, 0x00000000ea400000|  0%| F|  |TAMS 0x00000000ea300000, 0x00000000ea300000| Untracked 
| 164|0x00000000ea400000, 0x00000000ea400000, 0x00000000ea500000|  0%| F|  |TAMS 0x00000000ea400000, 0x00000000ea400000| Untracked 
| 165|0x00000000ea500000, 0x00000000ea500000, 0x00000000ea600000|  0%| F|  |TAMS 0x00000000ea500000, 0x00000000ea500000| Untracked 
| 166|0x00000000ea600000, 0x00000000ea600000, 0x00000000ea700000|  0%| F|  |TAMS 0x00000000ea600000, 0x00000000ea600000| Untracked 
| 167|0x00000000ea700000, 0x00000000ea700000, 0x00000000ea800000|  0%| F|  |TAMS 0x00000000ea700000, 0x00000000ea700000| Untracked 
| 168|0x00000000ea800000, 0x00000000ea800000, 0x00000000ea900000|  0%| F|  |TAMS 0x00000000ea800000, 0x00000000ea800000| Untracked 
| 169|0x00000000ea900000, 0x00000000ea900000, 0x00000000eaa00000|  0%| F|  |TAMS 0x00000000ea900000, 0x00000000ea900000| Untracked 
| 170|0x00000000eaa00000, 0x00000000eaa00000, 0x00000000eab00000|  0%| F|  |TAMS 0x00000000eaa00000, 0x00000000eaa00000| Untracked 
| 171|0x00000000eab00000, 0x00000000eab00000, 0x00000000eac00000|  0%| F|  |TAMS 0x00000000eab00000, 0x00000000eab00000| Untracked 
| 172|0x00000000eac00000, 0x00000000eac00000, 0x00000000ead00000|  0%| F|  |TAMS 0x00000000eac00000, 0x00000000eac00000| Untracked 
| 173|0x00000000ead00000, 0x00000000ead00000, 0x00000000eae00000|  0%| F|  |TAMS 0x00000000ead00000, 0x00000000ead00000| Untracked 
| 174|0x00000000eae00000, 0x00000000eae00000, 0x00000000eaf00000|  0%| F|  |TAMS 0x00000000eae00000, 0x00000000eae00000| Untracked 
| 175|0x00000000eaf00000, 0x00000000eaf00000, 0x00000000eb000000|  0%| F|  |TAMS 0x00000000eaf00000, 0x00000000eaf00000| Untracked 
| 176|0x00000000eb000000, 0x00000000eb000000, 0x00000000eb100000|  0%| F|  |TAMS 0x00000000eb000000, 0x00000000eb000000| Untracked 
| 177|0x00000000eb100000, 0x00000000eb100000, 0x00000000eb200000|  0%| F|  |TAMS 0x00000000eb100000, 0x00000000eb100000| Untracked 
| 178|0x00000000eb200000, 0x00000000eb200000, 0x00000000eb300000|  0%| F|  |TAMS 0x00000000eb200000, 0x00000000eb200000| Untracked 
| 179|0x00000000eb300000, 0x00000000eb300000, 0x00000000eb400000|  0%| F|  |TAMS 0x00000000eb300000, 0x00000000eb300000| Untracked 
| 180|0x00000000eb400000, 0x00000000eb400000, 0x00000000eb500000|  0%| F|  |TAMS 0x00000000eb400000, 0x00000000eb400000| Untracked 
| 181|0x00000000eb500000, 0x00000000eb500000, 0x00000000eb600000|  0%| F|  |TAMS 0x00000000eb500000, 0x00000000eb500000| Untracked 
| 182|0x00000000eb600000, 0x00000000eb600000, 0x00000000eb700000|  0%| F|  |TAMS 0x00000000eb600000, 0x00000000eb600000| Untracked 
| 183|0x00000000eb700000, 0x00000000eb700000, 0x00000000eb800000|  0%| F|  |TAMS 0x00000000eb700000, 0x00000000eb700000| Untracked 
| 184|0x00000000eb800000, 0x00000000eb800000, 0x00000000eb900000|  0%| F|  |TAMS 0x00000000eb800000, 0x00000000eb800000| Untracked 
| 185|0x00000000eb900000, 0x00000000eb900000, 0x00000000eba00000|  0%| F|  |TAMS 0x00000000eb900000, 0x00000000eb900000| Untracked 
| 186|0x00000000eba00000, 0x00000000eba00000, 0x00000000ebb00000|  0%| F|  |TAMS 0x00000000eba00000, 0x00000000eba00000| Untracked 
| 187|0x00000000ebb00000, 0x00000000ebb00000, 0x00000000ebc00000|  0%| F|  |TAMS 0x00000000ebb00000, 0x00000000ebb00000| Untracked 
| 188|0x00000000ebc00000, 0x00000000ebc00000, 0x00000000ebd00000|  0%| F|  |TAMS 0x00000000ebc00000, 0x00000000ebc00000| Untracked 
| 189|0x00000000ebd00000, 0x00000000ebd00000, 0x00000000ebe00000|  0%| F|  |TAMS 0x00000000ebd00000, 0x00000000ebd00000| Untracked 
| 190|0x00000000ebe00000, 0x00000000ebe00000, 0x00000000ebf00000|  0%| F|  |TAMS 0x00000000ebe00000, 0x00000000ebe00000| Untracked 
| 191|0x00000000ebf00000, 0x00000000ebf00000, 0x00000000ec000000|  0%| F|  |TAMS 0x00000000ebf00000, 0x00000000ebf00000| Untracked 
| 192|0x00000000ec000000, 0x00000000ec000000, 0x00000000ec100000|  0%| F|  |TAMS 0x00000000ec000000, 0x00000000ec000000| Untracked 
| 193|0x00000000ec100000, 0x00000000ec100000, 0x00000000ec200000|  0%| F|  |TAMS 0x00000000ec100000, 0x00000000ec100000| Untracked 
| 194|0x00000000ec200000, 0x00000000ec200000, 0x00000000ec300000|  0%| F|  |TAMS 0x00000000ec200000, 0x00000000ec200000| Untracked 
| 195|0x00000000ec300000, 0x00000000ec300000, 0x00000000ec400000|  0%| F|  |TAMS 0x00000000ec300000, 0x00000000ec300000| Untracked 
| 196|0x00000000ec400000, 0x00000000ec400000, 0x00000000ec500000|  0%| F|  |TAMS 0x00000000ec400000, 0x00000000ec400000| Untracked 
| 197|0x00000000ec500000, 0x00000000ec500000, 0x00000000ec600000|  0%| F|  |TAMS 0x00000000ec500000, 0x00000000ec500000| Untracked 
| 198|0x00000000ec600000, 0x00000000ec600000, 0x00000000ec700000|  0%| F|  |TAMS 0x00000000ec600000, 0x00000000ec600000| Untracked 
| 199|0x00000000ec700000, 0x00000000ec700000, 0x00000000ec800000|  0%| F|  |TAMS 0x00000000ec700000, 0x00000000ec700000| Untracked 
| 200|0x00000000ec800000, 0x00000000ec800000, 0x00000000ec900000|  0%| F|  |TAMS 0x00000000ec800000, 0x00000000ec800000| Untracked 
| 201|0x00000000ec900000, 0x00000000ec900000, 0x00000000eca00000|  0%| F|  |TAMS 0x00000000ec900000, 0x00000000ec900000| Untracked 
| 202|0x00000000eca00000, 0x00000000eca00000, 0x00000000ecb00000|  0%| F|  |TAMS 0x00000000eca00000, 0x00000000eca00000| Untracked 
| 203|0x00000000ecb00000, 0x00000000ecb00000, 0x00000000ecc00000|  0%| F|  |TAMS 0x00000000ecb00000, 0x00000000ecb00000| Untracked 
| 204|0x00000000ecc00000, 0x00000000ecc00000, 0x00000000ecd00000|  0%| F|  |TAMS 0x00000000ecc00000, 0x00000000ecc00000| Untracked 
| 205|0x00000000ecd00000, 0x00000000ecd00000, 0x00000000ece00000|  0%| F|  |TAMS 0x00000000ecd00000, 0x00000000ecd00000| Untracked 
| 206|0x00000000ece00000, 0x00000000ece00000, 0x00000000ecf00000|  0%| F|  |TAMS 0x00000000ece00000, 0x00000000ece00000| Untracked 
| 207|0x00000000ecf00000, 0x00000000ecf00000, 0x00000000ed000000|  0%| F|  |TAMS 0x00000000ecf00000, 0x00000000ecf00000| Untracked 
| 208|0x00000000ed000000, 0x00000000ed000000, 0x00000000ed100000|  0%| F|  |TAMS 0x00000000ed000000, 0x00000000ed000000| Untracked 
| 209|0x00000000ed100000, 0x00000000ed100000, 0x00000000ed200000|  0%| F|  |TAMS 0x00000000ed100000, 0x00000000ed100000| Untracked 
| 210|0x00000000ed200000, 0x00000000ed200000, 0x00000000ed300000|  0%| F|  |TAMS 0x00000000ed200000, 0x00000000ed200000| Untracked 
| 211|0x00000000ed300000, 0x00000000ed300000, 0x00000000ed400000|  0%| F|  |TAMS 0x00000000ed300000, 0x00000000ed300000| Untracked 
| 212|0x00000000ed400000, 0x00000000ed400000, 0x00000000ed500000|  0%| F|  |TAMS 0x00000000ed400000, 0x00000000ed400000| Untracked 
| 213|0x00000000ed500000, 0x00000000ed500000, 0x00000000ed600000|  0%| F|  |TAMS 0x00000000ed500000, 0x00000000ed500000| Untracked 
| 214|0x00000000ed600000, 0x00000000ed600000, 0x00000000ed700000|  0%| F|  |TAMS 0x00000000ed600000, 0x00000000ed600000| Untracked 
| 215|0x00000000ed700000, 0x00000000ed700000, 0x00000000ed800000|  0%| F|  |TAMS 0x00000000ed700000, 0x00000000ed700000| Untracked 
| 216|0x00000000ed800000, 0x00000000ed800000, 0x00000000ed900000|  0%| F|  |TAMS 0x00000000ed800000, 0x00000000ed800000| Untracked 
| 217|0x00000000ed900000, 0x00000000ed900000, 0x00000000eda00000|  0%| F|  |TAMS 0x00000000ed900000, 0x00000000ed900000| Untracked 
| 218|0x00000000eda00000, 0x00000000eda00000, 0x00000000edb00000|  0%| F|  |TAMS 0x00000000eda00000, 0x00000000eda00000| Untracked 
| 219|0x00000000edb00000, 0x00000000edb00000, 0x00000000edc00000|  0%| F|  |TAMS 0x00000000edb00000, 0x00000000edb00000| Untracked 
| 220|0x00000000edc00000, 0x00000000edc00000, 0x00000000edd00000|  0%| F|  |TAMS 0x00000000edc00000, 0x00000000edc00000| Untracked 
| 221|0x00000000edd00000, 0x00000000edd00000, 0x00000000ede00000|  0%| F|  |TAMS 0x00000000edd00000, 0x00000000edd00000| Untracked 
| 222|0x00000000ede00000, 0x00000000ede00000, 0x00000000edf00000|  0%| F|  |TAMS 0x00000000ede00000, 0x00000000ede00000| Untracked 
| 223|0x00000000edf00000, 0x00000000edf00000, 0x00000000ee000000|  0%| F|  |TAMS 0x00000000edf00000, 0x00000000edf00000| Untracked 
| 224|0x00000000ee000000, 0x00000000ee000000, 0x00000000ee100000|  0%| F|  |TAMS 0x00000000ee000000, 0x00000000ee000000| Untracked 
| 225|0x00000000ee100000, 0x00000000ee100000, 0x00000000ee200000|  0%| F|  |TAMS 0x00000000ee100000, 0x00000000ee100000| Untracked 
| 226|0x00000000ee200000, 0x00000000ee200000, 0x00000000ee300000|  0%| F|  |TAMS 0x00000000ee200000, 0x00000000ee200000| Untracked 
| 227|0x00000000ee300000, 0x00000000ee300000, 0x00000000ee400000|  0%| F|  |TAMS 0x00000000ee300000, 0x00000000ee300000| Untracked 
| 228|0x00000000ee400000, 0x00000000ee400000, 0x00000000ee500000|  0%| F|  |TAMS 0x00000000ee400000, 0x00000000ee400000| Untracked 
| 229|0x00000000ee500000, 0x00000000ee500000, 0x00000000ee600000|  0%| F|  |TAMS 0x00000000ee500000, 0x00000000ee500000| Untracked 
| 230|0x00000000ee600000, 0x00000000ee600000, 0x00000000ee700000|  0%| F|  |TAMS 0x00000000ee600000, 0x00000000ee600000| Untracked 
| 231|0x00000000ee700000, 0x00000000ee700000, 0x00000000ee800000|  0%| F|  |TAMS 0x00000000ee700000, 0x00000000ee700000| Untracked 
| 232|0x00000000ee800000, 0x00000000ee800000, 0x00000000ee900000|  0%| F|  |TAMS 0x00000000ee800000, 0x00000000ee800000| Untracked 
| 233|0x00000000ee900000, 0x00000000ee900000, 0x00000000eea00000|  0%| F|  |TAMS 0x00000000ee900000, 0x00000000ee900000| Untracked 
| 234|0x00000000eea00000, 0x00000000eea00000, 0x00000000eeb00000|  0%| F|  |TAMS 0x00000000eea00000, 0x00000000eea00000| Untracked 
| 235|0x00000000eeb00000, 0x00000000eeb00000, 0x00000000eec00000|  0%| F|  |TAMS 0x00000000eeb00000, 0x00000000eeb00000| Untracked 
| 236|0x00000000eec00000, 0x00000000eec00000, 0x00000000eed00000|  0%| F|  |TAMS 0x00000000eec00000, 0x00000000eec00000| Untracked 
| 237|0x00000000eed00000, 0x00000000eed00000, 0x00000000eee00000|  0%| F|  |TAMS 0x00000000eed00000, 0x00000000eed00000| Untracked 
| 238|0x00000000eee00000, 0x00000000eee00000, 0x00000000eef00000|  0%| F|  |TAMS 0x00000000eee00000, 0x00000000eee00000| Untracked 
| 239|0x00000000eef00000, 0x00000000eef00000, 0x00000000ef000000|  0%| F|  |TAMS 0x00000000eef00000, 0x00000000eef00000| Untracked 
| 240|0x00000000ef000000, 0x00000000ef000000, 0x00000000ef100000|  0%| F|  |TAMS 0x00000000ef000000, 0x00000000ef000000| Untracked 
| 241|0x00000000ef100000, 0x00000000ef100000, 0x00000000ef200000|  0%| F|  |TAMS 0x00000000ef100000, 0x00000000ef100000| Untracked 
| 242|0x00000000ef200000, 0x00000000ef200000, 0x00000000ef300000|  0%| F|  |TAMS 0x00000000ef200000, 0x00000000ef200000| Untracked 
| 243|0x00000000ef300000, 0x00000000ef300000, 0x00000000ef400000|  0%| F|  |TAMS 0x00000000ef300000, 0x00000000ef300000| Untracked 
| 244|0x00000000ef400000, 0x00000000ef400000, 0x00000000ef500000|  0%| F|  |TAMS 0x00000000ef400000, 0x00000000ef400000| Untracked 
| 245|0x00000000ef500000, 0x00000000ef5941e0, 0x00000000ef600000| 57%| E|  |TAMS 0x00000000ef500000, 0x00000000ef500000| Complete 
| 246|0x00000000ef600000, 0x00000000ef700000, 0x00000000ef700000|100%| E|CS|TAMS 0x00000000ef600000, 0x00000000ef600000| Complete 
| 247|0x00000000ef700000, 0x00000000ef800000, 0x00000000ef800000|100%| E|CS|TAMS 0x00000000ef700000, 0x00000000ef700000| Complete 
| 248|0x00000000ef800000, 0x00000000ef900000, 0x00000000ef900000|100%| E|CS|TAMS 0x00000000ef800000, 0x00000000ef800000| Complete 
| 249|0x00000000ef900000, 0x00000000efa00000, 0x00000000efa00000|100%| E|CS|TAMS 0x00000000ef900000, 0x00000000ef900000| Complete 
| 250|0x00000000efa00000, 0x00000000efb00000, 0x00000000efb00000|100%| E|CS|TAMS 0x00000000efa00000, 0x00000000efa00000| Complete 
| 251|0x00000000efb00000, 0x00000000efc00000, 0x00000000efc00000|100%| E|CS|TAMS 0x00000000efb00000, 0x00000000efb00000| Complete 
| 252|0x00000000efc00000, 0x00000000efd00000, 0x00000000efd00000|100%| E|CS|TAMS 0x00000000efc00000, 0x00000000efc00000| Complete 
| 253|0x00000000efd00000, 0x00000000efe00000, 0x00000000efe00000|100%| E|CS|TAMS 0x00000000efd00000, 0x00000000efd00000| Complete 
| 254|0x00000000efe00000, 0x00000000eff00000, 0x00000000eff00000|100%| E|CS|TAMS 0x00000000efe00000, 0x00000000efe00000| Complete 
| 255|0x00000000eff00000, 0x00000000f0000000, 0x00000000f0000000|100%| E|CS|TAMS 0x00000000eff00000, 0x00000000eff00000| Complete 

Card table byte_map: [0x00000232a7e30000,0x00000232a7f30000] _byte_map_base: 0x00000232a7730000

Marking Bits (Prev, Next): (CMBitMap*) 0x000002328ed06c80, (CMBitMap*) 0x000002328ed06c40
 Prev Bits: [0x00000232a8830000, 0x00000232a9030000)
 Next Bits: [0x00000232a8030000, 0x00000232a8830000)

Polling page: 0x000002328eb90000

Metaspace:

Usage:
  Non-class:     30.23 MB capacity,    29.72 MB ( 98%) used,   475.56 KB (  2%) free+waste,    48.69 KB ( <1%) overhead. 
      Class:      4.46 MB capacity,     4.26 MB ( 96%) used,   182.75 KB (  4%) free+waste,    20.31 KB ( <1%) overhead. 
       Both:     34.69 MB capacity,    33.98 MB ( 98%) used,   658.31 KB (  2%) free+waste,    69.00 KB ( <1%) overhead. 

Virtual space:
  Non-class space:       32.00 MB reserved,      30.42 MB ( 95%) committed 
      Class space:      248.00 MB reserved,       4.50 MB (  2%) committed 
             Both:      280.00 MB reserved,      34.92 MB ( 12%) committed 

Chunk freelists:
   Non-Class:  1.00 KB
       Class:  14.00 KB
        Both:  15.00 KB

MaxMetaspaceSize: 256.00 MB
CompressedClassSpaceSize: 248.00 MB

CodeHeap 'non-profiled nmethods': size=120000Kb used=2636Kb max_used=2636Kb free=117363Kb
 bounds [0x00000232a01e0000, 0x00000232a0480000, 0x00000232a7710000]
CodeHeap 'profiled nmethods': size=120000Kb used=10374Kb max_used=10374Kb free=109625Kb
 bounds [0x0000023298cb0000, 0x00000232996e0000, 0x00000232a01e0000]
CodeHeap 'non-nmethods': size=5760Kb used=2303Kb max_used=2354Kb free=3456Kb
 bounds [0x0000023298710000, 0x0000023298980000, 0x0000023298cb0000]
 total_blobs=5619 nmethods=4844 adapters=687
 compilation: enabled
              stopped_count=0, restarted_count=0
 full_count=0

Compilation events (20 events):
Event: 1057.561 Thread 0x00000232ab610af0 nmethod 4856 0x00000232a046d910 code [0x00000232a046daa0, 0x00000232a046db98]
Event: 1057.561 Thread 0x00000232ab610af0 4863       4       java.lang.StringUTF16::putChar (54 bytes)
Event: 1057.563 Thread 0x00000232ab610af0 nmethod 4863 0x00000232a046dc90 code [0x00000232a046de00, 0x00000232a046deb8]
Event: 1057.563 Thread 0x00000232ab610af0 4857       4       org.gradle.internal.Cast::uncheckedNonnullCast (2 bytes)
Event: 1057.564 Thread 0x00000232ab610af0 nmethod 4857 0x00000232a046df90 code [0x00000232a046e100, 0x00000232a046e138]
Event: 1060.551 Thread 0x00000232ab610af0 4865       4       java.util.concurrent.locks.AbstractQueuedSynchronizer$Node::getAndUnsetStatus (14 bytes)
Event: 1060.554 Thread 0x00000232ab610af0 nmethod 4865 0x00000232a046e290 code [0x00000232a046e400, 0x00000232a046e498]
Event: 1062.602 Thread 0x00000232ab610af0 4866       4       java.util.concurrent.locks.AbstractQueuedSynchronizer$ConditionObject::enableWait (84 bytes)
Event: 1062.624 Thread 0x00000232ab610af0 nmethod 4866 0x00000232a046e590 code [0x00000232a046e740, 0x00000232a046ecc8]
Event: 1062.695 Thread 0x00000232ab610af0 4867   !   4       java.util.concurrent.locks.AbstractQueuedSynchronizer::acquire (407 bytes)
Event: 1062.797 Thread 0x00000232ab610af0 nmethod 4867 0x00000232a046ef10 code [0x00000232a046f180, 0x00000232a0470508]
Event: 1062.797 Thread 0x00000232ab610af0 4868       4       java.util.concurrent.locks.AbstractQueuedSynchronizer$Node::clearStatus (12 bytes)
Event: 1062.798 Thread 0x00000232ab610af0 nmethod 4868 0x00000232a0470f10 code [0x00000232a0471080, 0x00000232a04710d8]
Event: 1062.935 Thread 0x00000232ab610af0 4869       4       java.util.concurrent.locks.AbstractQueuedSynchronizer$ConditionObject::awaitNanos (200 bytes)
Event: 1063.000 Thread 0x00000232ab610af0 nmethod 4869 0x00000232a0471210 code [0x00000232a0471420, 0x00000232a0472070]
Event: 1067.131 Thread 0x00000232ab615240 4870       3       java.lang.Long::toString (8 bytes)
Event: 1067.132 Thread 0x00000232ab615240 nmethod 4870 0x00000232996d1590 code [0x00000232996d1740, 0x00000232996d1868]
Event: 1068.085 Thread 0x00000232ab610af0 4871       4       java.util.concurrent.ConcurrentLinkedQueue::poll (84 bytes)
Event: 1068.099 Thread 0x00000232ab610af0 nmethod 4871 0x00000232a0472890 code [0x00000232a0472a20, 0x00000232a0472fb8]
Event: 1076.380 Thread 0x00000232ab610af0 4872   !   4       java.util.concurrent.LinkedBlockingQueue::poll (128 bytes)

GC Heap History (10 events):
Event: 1.265 GC heap before
{Heap before GC invocations=0 (full 0):
 garbage-first heap   total 262144K, used 18432K [0x00000000e0000000, 0x0000000100000000)
  region size 1024K, 13 young (13312K), 0 survivors (0K)
 Metaspace       used 1613K, capacity 5081K, committed 5120K, reserved 262144K
  class space    used 156K, capacity 499K, committed 512K, reserved 253952K
}
Event: 1.272 GC heap after
{Heap after GC invocations=1 (full 0):
 garbage-first heap   total 262144K, used 8339K [0x00000000e0000000, 0x0000000100000000)
  region size 1024K, 2 young (2048K), 2 survivors (2048K)
 Metaspace       used 1613K, capacity 5081K, committed 5120K, reserved 262144K
  class space    used 156K, capacity 499K, committed 512K, reserved 253952K
}
Event: 4.677 GC heap before
{Heap before GC invocations=1 (full 0):
 garbage-first heap   total 262144K, used 20627K [0x00000000e0000000, 0x0000000100000000)
  region size 1024K, 14 young (14336K), 2 survivors (2048K)
 Metaspace       used 3927K, capacity 6533K, committed 6656K, reserved 262144K
  class space    used 480K, capacity 727K, committed 768K, reserved 253952K
}
Event: 4.681 GC heap after
{Heap after GC invocations=2 (full 0):
 garbage-first heap   total 262144K, used 8734K [0x00000000e0000000, 0x0000000100000000)
  region size 1024K, 1 young (1024K), 1 survivors (1024K)
 Metaspace       used 3927K, capacity 6533K, committed 6656K, reserved 262144K
  class space    used 480K, capacity 727K, committed 768K, reserved 253952K
}
Event: 12.691 GC heap before
{Heap before GC invocations=2 (full 0):
 garbage-first heap   total 262144K, used 32286K [0x00000000e0000000, 0x0000000100000000)
  region size 1024K, 25 young (25600K), 1 survivors (1024K)
 Metaspace       used 4062K, capacity 6533K, committed 6656K, reserved 262144K
  class space    used 481K, capacity 727K, committed 768K, reserved 253952K
}
Event: 12.705 GC heap after
{Heap after GC invocations=3 (full 0):
 garbage-first heap   total 262144K, used 12503K [0x00000000e0000000, 0x0000000100000000)
  region size 1024K, 4 young (4096K), 4 survivors (4096K)
 Metaspace       used 4062K, capacity 6533K, committed 6656K, reserved 262144K
  class space    used 481K, capacity 727K, committed 768K, reserved 253952K
}
Event: 32.445 GC heap before
{Heap before GC invocations=3 (full 0):
 garbage-first heap   total 262144K, used 106711K [0x00000000e0000000, 0x0000000100000000)
  region size 1024K, 97 young (99328K), 4 survivors (4096K)
 Metaspace       used 20858K, capacity 21197K, committed 21296K, reserved 272384K
  class space    used 3030K, capacity 3158K, committed 3200K, reserved 253952K
}
Event: 32.509 GC heap after
{Heap after GC invocations=4 (full 0):
 garbage-first heap   total 262144K, used 19233K [0x00000000e0000000, 0x0000000100000000)
  region size 1024K, 11 young (11264K), 11 survivors (11264K)
 Metaspace       used 20858K, capacity 21197K, committed 21296K, reserved 272384K
  class space    used 3030K, capacity 3158K, committed 3200K, reserved 253952K
}
Event: 757.129 GC heap before
{Heap before GC invocations=5 (full 0):
 garbage-first heap   total 262144K, used 122657K [0x00000000e0000000, 0x0000000100000000)
  region size 1024K, 110 young (112640K), 11 survivors (11264K)
 Metaspace       used 34697K, capacity 35353K, committed 35504K, reserved 286720K
  class space    used 4355K, capacity 4556K, committed 4608K, reserved 253952K
}
Event: 757.183 GC heap after
{Heap after GC invocations=6 (full 0):
 garbage-first heap   total 262144K, used 25798K [0x00000000e0000000, 0x0000000100000000)
  region size 1024K, 13 young (13312K), 13 survivors (13312K)
 Metaspace       used 34697K, capacity 35353K, committed 35504K, reserved 286720K
  class space    used 4355K, capacity 4556K, committed 4608K, reserved 253952K
}

Deoptimization events (20 events):
Event: 757.184 Thread 0x00000232ac03af90 Uncommon trap: trap_request=0xffffffde fr.pc=0x00000232a0327aec relative=0x000000000000054c
Event: 757.184 Thread 0x00000232ac03af90 Uncommon trap: reason=class_check action=maybe_recompile pc=0x00000232a0327aec method=jdk.internal.ref.PhantomCleanable.clean()V @ 12 c2
Event: 757.184 Thread 0x00000232ac03af90 DEOPT PACKING pc=0x00000232a0327aec sp=0x0000004e8c4ff020
Event: 757.184 Thread 0x00000232ac03af90 DEOPT UNPACKING pc=0x000002329875e42f sp=0x0000004e8c4ff000 mode 2
Event: 757.184 Thread 0x00000232ac03af90 Uncommon trap: trap_request=0xffffffde fr.pc=0x00000232a0327aec relative=0x000000000000054c
Event: 757.184 Thread 0x00000232ac03af90 Uncommon trap: reason=class_check action=maybe_recompile pc=0x00000232a0327aec method=jdk.internal.ref.PhantomCleanable.clean()V @ 12 c2
Event: 757.184 Thread 0x00000232ac03af90 DEOPT PACKING pc=0x00000232a0327aec sp=0x0000004e8c4ff020
Event: 757.184 Thread 0x00000232ac03af90 DEOPT UNPACKING pc=0x000002329875e42f sp=0x0000004e8c4ff000 mode 2
Event: 1056.527 Thread 0x00000232acd703b0 Uncommon trap: trap_request=0xffffff3d fr.pc=0x00000232a0452440 relative=0x00000000000057c0
Event: 1056.527 Thread 0x00000232acd703b0 Uncommon trap: reason=unstable_fused_if action=reinterpret pc=0x00000232a0452440 method=java.text.SimpleDateFormat.zeroPaddingNumber(IIILjava/lang/StringBuffer;)V @ 36 c2
Event: 1056.528 Thread 0x00000232acd703b0 DEOPT PACKING pc=0x00000232a0452440 sp=0x0000004e8cbfdee0
Event: 1056.528 Thread 0x00000232acd703b0 DEOPT UNPACKING pc=0x000002329875e42f sp=0x0000004e8cbfde28 mode 2
Event: 1056.790 Thread 0x00000232ad86c1c0 Uncommon trap: trap_request=0xffffffde fr.pc=0x00000232a0437264 relative=0x00000000000021c4
Event: 1056.790 Thread 0x00000232ad86c1c0 Uncommon trap: reason=class_check action=maybe_recompile pc=0x00000232a0437264 method=sun.management.spi.PlatformMBeanProvider$PlatformComponent.getMBeans(Ljava/lang/Class;)Ljava/util/List; @ 26 c2
Event: 1056.791 Thread 0x00000232ad86c1c0 DEOPT PACKING pc=0x00000232a0437264 sp=0x0000004e8cdfe150
Event: 1056.791 Thread 0x00000232ad86c1c0 DEOPT UNPACKING pc=0x000002329875e42f sp=0x0000004e8cdfe158 mode 2
Event: 1056.901 Thread 0x00000232ad86c1c0 Uncommon trap: trap_request=0xffffffcc fr.pc=0x00000232a04124fc relative=0x000000000000035c
Event: 1056.901 Thread 0x00000232ad86c1c0 Uncommon trap: reason=intrinsic_or_type_checked_inlining action=make_not_entrant pc=0x00000232a04124fc method=java.util.Arrays.copyOf([Ljava/lang/Object;ILjava/lang/Class;)[Ljava/lang/Object; @ 35 c2
Event: 1056.901 Thread 0x00000232ad86c1c0 DEOPT PACKING pc=0x00000232a04124fc sp=0x0000004e8cdfdb80
Event: 1056.901 Thread 0x00000232ad86c1c0 DEOPT UNPACKING pc=0x000002329875e42f sp=0x0000004e8cdfdb10 mode 2

Classes unloaded (0 events):
No events

Classes redefined (0 events):
No events

Internal exceptions (20 events):
Event: 42.905 Thread 0x00000232abff5e20 Exception <a 'java/lang/ClassNotFoundException'{0x00000000eb1379d8}: java/lang/AbstractStringBuilderCustomizer> (0x00000000eb1379d8) 
thrown [./open/src/hotspot/share/classfile/systemDictionary.cpp, line 295]
Event: 42.922 Thread 0x00000232abff5e20 Exception <a 'java/lang/ClassNotFoundException'{0x00000000eb00c9d8}: java/lang/StringBufferCustomizer> (0x00000000eb00c9d8) 
thrown [./open/src/hotspot/share/classfile/systemDictionary.cpp, line 295]
Event: 59.189 Thread 0x00000232abff5e20 Exception <a 'java/lang/ClassNotFoundException'{0x00000000eaf6f158}: java/lang/StringBeanInfo> (0x00000000eaf6f158) 
thrown [./open/src/hotspot/share/classfile/systemDictionary.cpp, line 295]
Event: 59.190 Thread 0x00000232abff5e20 Exception <a 'java/lang/ClassNotFoundException'{0x00000000eaf73fe0}: java/lang/StringCustomizer> (0x00000000eaf73fe0) 
thrown [./open/src/hotspot/share/classfile/systemDictionary.cpp, line 295]
Event: 59.217 Thread 0x00000232abff5e20 Exception <a 'java/lang/ClassNotFoundException'{0x00000000eafd4668}: org/gradle/internal/logging/slf4j/OutputEventListenerBackedLoggerBeanInfo> (0x00000000eafd4668) 
thrown [./open/src/hotspot/share/classfile/systemDictionary.cpp, line 295]
Event: 59.219 Thread 0x00000232abff5e20 Exception <a 'java/lang/ClassNotFoundException'{0x00000000eafe3148}: org/gradle/internal/logging/slf4j/BuildOperationAwareLoggerBeanInfo> (0x00000000eafe3148) 
thrown [./open/src/hotspot/share/classfile/systemDictionary.cpp, line 295]
Event: 59.222 Thread 0x00000232abff5e20 Exception <a 'java/lang/ClassNotFoundException'{0x00000000eaff1ee8}: org/gradle/internal/logging/slf4j/BuildOperationAwareLoggerCustomizer> (0x00000000eaff1ee8) 
thrown [./open/src/hotspot/share/classfile/systemDictionary.cpp, line 295]
Event: 59.231 Thread 0x00000232abff5e20 Exception <a 'java/lang/ClassNotFoundException'{0x00000000eae31d48}: org/gradle/internal/logging/slf4j/OutputEventListenerBackedLoggerCustomizer> (0x00000000eae31d48) 
thrown [./open/src/hotspot/share/classfile/systemDictionary.cpp, line 295]
Event: 59.279 Thread 0x00000232abff5e20 Exception <a 'java/lang/ClassNotFoundException'{0x00000000eaea3f08}: java/lang/ExceptionBeanInfo> (0x00000000eaea3f08) 
thrown [./open/src/hotspot/share/classfile/systemDictionary.cpp, line 295]
Event: 59.279 Thread 0x00000232abff5e20 Exception <a 'java/lang/ClassNotFoundException'{0x00000000eaea8dc8}: java/lang/ThrowableBeanInfo> (0x00000000eaea8dc8) 
thrown [./open/src/hotspot/share/classfile/systemDictionary.cpp, line 295]
Event: 59.280 Thread 0x00000232abff5e20 Exception <a 'java/lang/ClassNotFoundException'{0x00000000eaeadc58}: java/lang/ThrowableCustomizer> (0x00000000eaeadc58) 
thrown [./open/src/hotspot/share/classfile/systemDictionary.cpp, line 295]
Event: 59.281 Thread 0x00000232abff5e20 Exception <a 'java/lang/ClassNotFoundException'{0x00000000eaebad98}: java/lang/ExceptionCustomizer> (0x00000000eaebad98) 
thrown [./open/src/hotspot/share/classfile/systemDictionary.cpp, line 295]
Event: 59.283 Thread 0x00000232abff5e20 Exception <a 'java/lang/reflect/InvocationTargetException'{0x00000000eaec3478}> (0x00000000eaec3478) 
thrown [./open/src/hotspot/share/runtime/reflection.cpp, line 1157]
Event: 59.824 Thread 0x00000232abfc0060 Exception <a 'java/lang/NoSuchMethodError'{0x00000000eaaa6b88}: static Lorg/gradle/tooling/internal/provider/serialization/ClassLoaderDetails;.<clinit>()V> (0x00000000eaaa6b88) 
thrown [./open/src/hotspot/share/prims/jni.cpp, line 1204]
Event: 59.827 Thread 0x00000232abfc0060 Exception <a 'java/lang/NoSuchMethodError'{0x00000000eaabe2b0}: static Lorg/gradle/tooling/internal/provider/serialization/WellKnownClassLoaderRegistry$KnownClassLoaderSpec;.<clinit>()V> (0x00000000eaabe2b0) 
thrown [./open/src/hotspot/share/prims/jni.cpp, line 1204]
Event: 59.827 Thread 0x00000232abfc0060 Exception <a 'java/lang/NoSuchMethodError'{0x00000000eaabf9e0}: static Lorg/gradle/internal/classloader/ClassLoaderSpec;.<clinit>()V> (0x00000000eaabf9e0) 
thrown [./open/src/hotspot/share/prims/jni.cpp, line 1204]
Event: 59.829 Thread 0x00000232abfc0060 Exception <a 'java/lang/NoSuchMethodError'{0x00000000eaad16a0}: static Lorg/gradle/internal/classloader/ClassLoaderSpec;.<clinit>()V> (0x00000000eaad16a0) 
thrown [./open/src/hotspot/share/prims/jni.cpp, line 1204]
Event: 59.830 Thread 0x00000232abfc0060 Exception <a 'java/lang/NoSuchMethodError'{0x00000000eaadd470}: static Lorg/gradle/internal/classloader/VisitableURLClassLoader$Spec;.<clinit>()V> (0x00000000eaadd470) 
thrown [./open/src/hotspot/share/prims/jni.cpp, line 1204]
Event: 67.139 Thread 0x00000232ad6c0f30 Implicit null exception at 0x00000232a03f87f7 to 0x00000232a03f8e3c
Event: 67.141 Thread 0x00000232ad6c0f30 Implicit null exception at 0x00000232a03e43f4 to 0x00000232a03e4a58

Events (20 events):
Event: 60.622 Executing VM operation: HandshakeAllThreads done
Event: 102.188 Thread 0x00000232ad86e370 Thread exited: 0x00000232ad86e370
Event: 119.814 Thread 0x00000232abff5e20 Thread exited: 0x00000232abff5e20
Event: 120.025 Thread 0x00000232abfc0060 Thread exited: 0x00000232abfc0060
Event: 757.129 Executing VM operation: G1CollectForAllocation
Event: 757.183 Executing VM operation: G1CollectForAllocation done
Event: 788.742 Loaded shared library C:\Program Files\Java\jdk-15\bin\java.dll
Event: 1056.555 Thread 0x00000232ad86cb60 Thread added: 0x00000232ad86cb60
Event: 1056.558 Thread 0x00000232ad8726d0 Thread added: 0x00000232ad8726d0
Event: 1056.752 Thread 0x00000232ad871860 Thread added: 0x00000232ad871860
Event: 1056.768 Thread 0x00000232ad86c1c0 Thread added: 0x00000232ad86c1c0
Event: 1056.789 Thread 0x00000232ad86e370 Thread added: 0x00000232ad86e370
Event: 1056.894 Thread 0x00000232ad86ed10 Thread added: 0x00000232ad86ed10
Event: 1056.897 Thread 0x00000232ad86f6b0 Thread added: 0x00000232ad86f6b0
Event: 1057.068 Thread 0x00000232ad86bcf0 Thread added: 0x00000232ad86bcf0
Event: 1057.269 Thread 0x00000232ad872ba0 Thread added: 0x00000232ad872ba0
Event: 1057.309 Thread 0x00000232ad871390 Thread added: 0x00000232ad871390
Event: 1057.312 Executing VM operation: HandshakeAllThreads
Event: 1057.312 Executing VM operation: HandshakeAllThreads done
Event: 1057.322 Thread 0x00000232abfbc1e0 Thread added: 0x00000232abfbc1e0


Dynamic libraries:
0x00007ff7c24c0000 - 0x00007ff7c24cd000 	C:\Program Files\Java\jdk-15\bin\java.exe
0x00007ffc0c1b0000 - 0x00007ffc0c3a5000 	C:\WINDOWS\SYSTEM32\ntdll.dll
0x00007ffbf4010000 - 0x00007ffbf4025000 	C:\Program Files\AVG\Antivirus\aswhook.dll
0x00007ffc0b520000 - 0x00007ffc0b5de000 	C:\WINDOWS\System32\KERNEL32.DLL
0x00007ffc09190000 - 0x00007ffc09459000 	C:\WINDOWS\System32\KERNELBASE.dll
0x00007ffc096e0000 - 0x00007ffc097e0000 	C:\WINDOWS\System32\ucrtbase.dll
0x00007ffc016b0000 - 0x00007ffc016c8000 	C:\Program Files\Java\jdk-15\bin\jli.dll
0x00007ffc09b10000 - 0x00007ffc09cb1000 	C:\WINDOWS\System32\USER32.dll
0x00007ffc09160000 - 0x00007ffc09182000 	C:\WINDOWS\System32\win32u.dll
0x00007ffc016d0000 - 0x00007ffc016e9000 	C:\Program Files\Java\jdk-15\bin\VCRUNTIME140.dll
0x00007ffbf5de0000 - 0x00007ffbf607a000 	C:\WINDOWS\WinSxS\amd64_microsoft.windows.common-controls_6595b64144ccf1df_6.0.19041.1110_none_60b5254171f9507e\COMCTL32.dll
0x00007ffc099d0000 - 0x00007ffc099fb000 	C:\WINDOWS\System32\GDI32.dll
0x00007ffc0c0d0000 - 0x00007ffc0c16e000 	C:\WINDOWS\System32\msvcrt.dll
0x00007ffc09050000 - 0x00007ffc0915b000 	C:\WINDOWS\System32\gdi32full.dll
0x00007ffc08f80000 - 0x00007ffc0901d000 	C:\WINDOWS\System32\msvcp_win.dll
0x00007ffc09870000 - 0x00007ffc098a0000 	C:\WINDOWS\System32\IMM32.DLL
0x00007ffc03080000 - 0x00007ffc0308c000 	C:\Program Files\Java\jdk-15\bin\vcruntime140_1.dll
0x00007ffbfa800000 - 0x00007ffbfa891000 	C:\Program Files\Java\jdk-15\bin\msvcp140.dll
0x00007ffbe3ca0000 - 0x00007ffbe47fc000 	C:\Program Files\Java\jdk-15\bin\server\jvm.dll
0x00007ffc0a460000 - 0x00007ffc0a50c000 	C:\WINDOWS\System32\ADVAPI32.dll
0x00007ffc0b3d0000 - 0x00007ffc0b46b000 	C:\WINDOWS\System32\sechost.dll
0x00007ffc098a0000 - 0x00007ffc099ca000 	C:\WINDOWS\System32\RPCRT4.dll
0x00007ffc09ae0000 - 0x00007ffc09ae8000 	C:\WINDOWS\System32\PSAPI.DLL
0x00007ffc017e0000 - 0x00007ffc01807000 	C:\WINDOWS\SYSTEM32\WINMM.dll
0x00007ffbfd540000 - 0x00007ffbfd549000 	C:\WINDOWS\SYSTEM32\WSOCK32.dll
0x00007ffc04c10000 - 0x00007ffc04c1a000 	C:\WINDOWS\SYSTEM32\VERSION.dll
0x00007ffc0bea0000 - 0x00007ffc0bf0b000 	C:\WINDOWS\System32\WS2_32.dll
0x00007ffc06e10000 - 0x00007ffc06e22000 	C:\WINDOWS\SYSTEM32\kernel.appcore.dll
0x00007ffc016a0000 - 0x00007ffc016aa000 	C:\Program Files\Java\jdk-15\bin\jimage.dll
0x00007ffc04080000 - 0x00007ffc04264000 	C:\WINDOWS\SYSTEM32\DBGHELP.DLL
0x00007ffc03090000 - 0x00007ffc030bc000 	C:\WINDOWS\SYSTEM32\dbgcore.DLL
0x00007ffc097e0000 - 0x00007ffc09863000 	C:\WINDOWS\System32\bcryptPrimitives.dll
0x00007ffbfa7d0000 - 0x00007ffbfa7f5000 	C:\Program Files\Java\jdk-15\bin\java.dll
0x00007ffc0a9e0000 - 0x00007ffc0b11f000 	C:\WINDOWS\System32\SHELL32.dll
0x00007ffc07010000 - 0x00007ffc077a0000 	C:\WINDOWS\SYSTEM32\windows.storage.dll
0x00007ffc0b7d0000 - 0x00007ffc0bb25000 	C:\WINDOWS\System32\combase.dll
0x00007ffc08950000 - 0x00007ffc0897c000 	C:\WINDOWS\SYSTEM32\Wldp.dll
0x00007ffc0b5e0000 - 0x00007ffc0b68d000 	C:\WINDOWS\System32\SHCORE.dll
0x00007ffc0be40000 - 0x00007ffc0be95000 	C:\WINDOWS\System32\shlwapi.dll
0x00007ffc08e40000 - 0x00007ffc08e5f000 	C:\WINDOWS\SYSTEM32\profapi.dll
0x00007ffc01680000 - 0x00007ffc01699000 	C:\Program Files\Java\jdk-15\bin\net.dll
0x00007ffbfd740000 - 0x00007ffbfd848000 	C:\WINDOWS\SYSTEM32\WINHTTP.dll
0x00007ffc085e0000 - 0x00007ffc0864a000 	C:\WINDOWS\system32\mswsock.dll
0x00007ffc01620000 - 0x00007ffc01632000 	C:\Program Files\Java\jdk-15\bin\nio.dll
0x00007ffbfbff0000 - 0x00007ffbfc008000 	C:\Program Files\Java\jdk-15\bin\zip.dll
0x00007ffbfa8c0000 - 0x00007ffbfa8d0000 	C:\Program Files\Java\jdk-15\bin\verify.dll
0x00007ffbfa7a0000 - 0x00007ffbfa7c7000 	C:\Users\Achim\.gradle\native\49d0259a56938c7f99b2704e745ce422c4f750a7a20b539a32ccef96729676b1\windows-amd64\native-platform.dll
0x00007ffbe3b00000 - 0x00007ffbe3c96000 	C:\Users\Achim\.gradle\native\12488b8bf47d2d4c9fbf2f6322a914ad602e24e48041cd04a747c6da556b65c4\windows-amd64\native-platform-file-events.dll
0x00007ffbfa760000 - 0x00007ffbfa769000 	C:\Program Files\Java\jdk-15\bin\management.dll
0x00007ffbfa750000 - 0x00007ffbfa75b000 	C:\Program Files\Java\jdk-15\bin\management_ext.dll
0x00007ffc087e0000 - 0x00007ffc087f8000 	C:\WINDOWS\SYSTEM32\CRYPTSP.dll
0x00007ffc07f70000 - 0x00007ffc07fa4000 	C:\WINDOWS\system32\rsaenh.dll
0x00007ffc08f00000 - 0x00007ffc08f27000 	C:\WINDOWS\System32\bcrypt.dll
0x00007ffc08dc0000 - 0x00007ffc08dee000 	C:\WINDOWS\SYSTEM32\USERENV.dll
0x00007ffc087d0000 - 0x00007ffc087dc000 	C:\WINDOWS\SYSTEM32\CRYPTBASE.dll
0x00007ffc082e0000 - 0x00007ffc0831b000 	C:\WINDOWS\SYSTEM32\IPHLPAPI.DLL
0x00007ffc0b7c0000 - 0x00007ffc0b7c8000 	C:\WINDOWS\System32\NSI.dll
0x00007ffc01470000 - 0x00007ffc01487000 	C:\WINDOWS\SYSTEM32\dhcpcsvc6.DLL
0x00007ffc01450000 - 0x00007ffc0146d000 	C:\WINDOWS\SYSTEM32\dhcpcsvc.DLL
0x00007ffc08320000 - 0x00007ffc083ec000 	C:\WINDOWS\SYSTEM32\DNSAPI.dll

dbghelp: loaded successfully - version: 4.0.5 - missing functions: none
symbol engine: initialized successfully - sym options: 0x614 - pdb path: .;C:\Program Files\Java\jdk-15\bin;C:\WINDOWS\SYSTEM32;C:\Program Files\AVG\Antivirus;C:\WINDOWS\WinSxS\amd64_microsoft.windows.common-controls_6595b64144ccf1df_6.0.19041.1110_none_60b5254171f9507e;C:\Program Files\Java\jdk-15\bin\server;C:\Users\Achim\.gradle\native\49d0259a56938c7f99b2704e745ce422c4f750a7a20b539a32ccef96729676b1\windows-amd64;C:\Users\Achim\.gradle\native\12488b8bf47d2d4c9fbf2f6322a914ad602e24e48041cd04a747c6da556b65c4\windows-amd64

VM Arguments:
jvm_args: --add-opens=java.base/java.util=ALL-UNNAMED --add-opens=java.base/java.lang=ALL-UNNAMED --add-opens=java.base/java.lang.invoke=ALL-UNNAMED --add-opens=java.prefs/java.util.prefs=ALL-UNNAMED -XX:MaxMetaspaceSize=256m -XX:+HeapDumpOnOutOfMemoryError -Xms256m -Xmx512m -Dfile.encoding=UTF-8 -Duser.country=US -Duser.language=en -Duser.variant 
java_command: org.gradle.launcher.daemon.bootstrap.GradleDaemon 6.9
java_class_path (initial): C:\Users\Achim\.gradle\wrapper\dists\gradle-6.9-all\dooywd8nv05k16orzxge2b1bs\gradle-6.9\lib\gradle-launcher-6.9.jar
Launcher Type: SUN_STANDARD

[Global flags]
     intx CICompilerCount                          = 3                                         {product} {ergonomic}
   size_t CompressedClassSpaceSize                 = 260046848                                 {product} {ergonomic}
     uint ConcGCThreads                            = 1                                         {product} {ergonomic}
     uint G1ConcRefinementThreads                  = 4                                         {product} {ergonomic}
   size_t G1HeapRegionSize                         = 1048576                                   {product} {ergonomic}
    uintx GCDrainStackTargetSize                   = 64                                        {product} {ergonomic}
     bool HeapDumpOnOutOfMemoryError               = true                                   {manageable} {command line}
   size_t InitialHeapSize                          = 268435456                                 {product} {command line}
   size_t MarkStackSize                            = 4194304                                   {product} {ergonomic}
   size_t MaxHeapSize                              = 536870912                                 {product} {command line}
   size_t MaxMetaspaceSize                         = 268435456                                 {product} {command line}
   size_t MaxNewSize                               = 321912832                                 {product} {ergonomic}
   size_t MinHeapDeltaBytes                        = 1048576                                   {product} {ergonomic}
   size_t MinHeapSize                              = 268435456                                 {product} {command line}
    uintx NonNMethodCodeHeapSize                   = 5832780                                {pd product} {ergonomic}
    uintx NonProfiledCodeHeapSize                  = 122912730                              {pd product} {ergonomic}
    uintx ProfiledCodeHeapSize                     = 122912730                              {pd product} {ergonomic}
    uintx ReservedCodeCacheSize                    = 251658240                              {pd product} {ergonomic}
     bool SegmentedCodeCache                       = true                                      {product} {ergonomic}
   size_t SoftMaxHeapSize                          = 536870912                              {manageable} {ergonomic}
     bool UseCompressedClassPointers               = true                                 {lp64_product} {ergonomic}
     bool UseCompressedOops                        = true                                 {lp64_product} {ergonomic}
     bool UseG1GC                                  = true                                      {product} {ergonomic}
     bool UseLargePagesIndividualAllocation        = false                                  {pd product} {ergonomic}

Logging:
Log output configuration:
 #0: stdout all=warning uptime,level,tags
 #1: stderr all=off uptime,level,tags

Environment Variables:
JAVA_HOME=C:\Program Files\Java\jdk-15
CLASSPATH=C:\Users\Achim\Downloads\React\react-native-projeleri\AwesomeProject\android\\gradle\wrapper\gradle-wrapper.jar
PATH=C:\Users\Achim\Downloads\React\react-native-projeleri\AwesomeProject\android\node_modules\.bin;C:\Users\Achim\Downloads\React\react-native-projeleri\AwesomeProject\node_modules\.bin;C:\Users\Achim\Downloads\React\react-native-projeleri\node_modules\.bin;C:\Users\Achim\Downloads\React\node_modules\.bin;C:\Users\Achim\Downloads\node_modules\.bin;C:\Users\Achim\node_modules\.bin;C:\Users\node_modules\.bin;C:\node_modules\.bin;C:\Program Files\nodejs;C:\Users\Achim\Downloads\React\react-native-projeleri\AwesomeProject\node_modules\.bin;C:\Users\Achim\Downloads\React\react-native-projeleri\node_modules\.bin;C:\Users\Achim\Downloads\React\node_modules\.bin;C:\Users\Achim\Downloads\node_modules\.bin;C:\Users\Achim\node_modules\.bin;C:\Users\node_modules\.bin;C:\node_modules\.bin;C:\Users\Achim\AppData\Roaming\npm\node_modules\npm\node_modules\@npmcli\run-script\lib\node-gyp-bin;C:\Program Files\Common Files\Oracle\Java\javapath;C:\WINDOWS\system32;C:\WINDOWS;C:\WINDOWS\System32\Wbem;C:\WINDOWS\System32\WindowsPowerShell\v1.0\;C:\WINDOWS\System32\OpenSSH\;C:\Program Files\nodejs\;C:\Program Files\Git\cmd;C:\Users\Achim\AppData\Local\Microsoft\WindowsApps;C:\Users\Achim\AppData\Roaming\npm;C:\Users\Achim\AppData\Local\Programs\Microsoft VS Code\bin;C:\Users\Achim\AppData\Roaming\npm\node_modules;C:\Program Files\MongoDB\Server\5.0\bin\;C:\Users\Achim\AppData\Local\Android\Sdk\platform-tools;;C:\Users\Achim\Downloads\React\react-native-projeleri\AwesomeProject\node_modules\.bin
USERNAME=Achim
OS=Windows_NT
PROCESSOR_IDENTIFIER=Intel64 Family 6 Model 42 Stepping 7, GenuineIntel



---------------  S Y S T E M  ---------------

OS:
 Windows 10 , 64 bit Build 19041 (10.0.19041.1202)
OS uptime: 0 days 0:56 hours

CPU: total 4 (initial active 4) (2 cores per cpu, 2 threads per core) family 6 model 42 stepping 7, cmov, cx8, fxsr, mmx, sse, sse2, sse3, ssse3, sse4.1, sse4.2, popcnt, vzeroupper, avx, clmul, ht, tsc, tscinvbit, clflush

Memory: 4k page, system-wide physical 3947M (266M free)
TotalPageFile size 5336M (AvailPageFile size 0M)
current process WorkingSet (physical memory assigned to process): 127M, peak: 259M
current process commit charge ("private bytes"): 412M, peak: 439M

vm_info: OpenJDK 64-Bit Server VM (15+36-1562) for windows-amd64 JRE (15+36-1562), built on Aug 11 2020 22:33:04 by "mach5one" with unknown MS VC++:1925

END.
