JvmtiExport can_access_local_variables 0
JvmtiExport can_hotswap_or_post_breakpoint 0
JvmtiExport can_post_on_exceptions 0
# 195 ciObject found
ciInstanceKlass java/lang/Cloneable 1 0 7 100 1 100 1 1 1
instanceKlass java/util/IdentityHashMap$IdentityHashMapIterator
instanceKlass org/gradle/internal/remote/internal/inet/SocketConnection$1
instanceKlass java/net/Proxy
instanceKlass java/net/UrlDeserializedState
instanceKlass java/io/ObjectStreamClass$5
instanceKlass java/io/ObjectStreamClass$4
instanceKlass java/io/ObjectStreamClass$3
instanceKlass java/io/ObjectStreamClass$MemberSignature
instanceKlass java/io/ObjectStreamClass$1
instanceKlass com/google/common/cache/LocalCache$WriteThroughEntry
instanceKlass com/google/common/cache/LocalCache$HashIterator
instanceKlass org/gradle/internal/work/DefaultWorkerLeaseService$1
instanceKlass org/gradle/cache/internal/DefaultCleanupProgressMonitor
instanceKlass com/google/common/collect/SortedSetMultimap
instanceKlass org/gradle/cache/internal/VersionSpecificCacheCleanupAction
instanceKlass org/gradle/internal/session/BuildSessionState$$Lambda$288+0x0000000800fb4260
instanceKlass org/gradle/execution/DefaultCancellableOperationManager
instanceKlass org/gradle/util/DisconnectableInputStream$1
instanceKlass org/gradle/util/DisconnectableInputStream$ThreadExecuter
instanceKlass java/util/concurrent/ConcurrentLinkedQueue$$Lambda$287+0x0000000800fa6c48
instanceKlass java/util/concurrent/ConcurrentLinkedQueue$Itr
instanceKlass org/gradle/tooling/internal/provider/serialization/SerializedPayload
instanceKlass java/io/ObjectStreamClass$ExceptionInfo
instanceKlass org/gradle/internal/serialize/NestedExceptionPlaceholder
instanceKlass java/io/SerialCallbackContext
instanceKlass java/io/ObjectStreamClass$ClassDataSlot
instanceKlass java/lang/Short$ShortCache
instanceKlass org/gradle/internal/serialize/ExceptionPlaceholder$2
instanceKlass org/gradle/internal/serialize/ExceptionPlaceholder$Java14NullPointerExceptionUsefulMessageSupport
instanceKlass org/gradle/internal/serialize/ExceptionReplacingObjectOutputStream$2
instanceKlass org/gradle/internal/serialize/PlaceholderExceptionSupport
instanceKlass org/gradle/internal/serialize/ExceptionPlaceholder
instanceKlass java/io/ObjectStreamClass$FieldReflector
instanceKlass java/io/ObjectStreamClass$2
instanceKlass java/io/ObjectStreamClass$EntryFuture
instanceKlass java/io/ObjectStreamClass$Caches
instanceKlass java/io/ObjectStreamClass
instanceKlass org/gradle/tooling/internal/provider/serialization/WellKnownClassLoaderRegistry$1
instanceKlass org/gradle/tooling/internal/provider/serialization/DefaultPayloadClassLoaderRegistry$1
instanceKlass org/gradle/internal/watch/vfs/BuildFinishedFileSystemWatchingBuildOperationType$Result$1
instanceKlass org/gradle/internal/watch/vfs/BuildFinishedFileSystemWatchingBuildOperationType$Result
instanceKlass org/gradle/internal/watch/vfs/BuildFinishedFileSystemWatchingBuildOperationType$Details$1
instanceKlass org/gradle/internal/watch/vfs/BuildFinishedFileSystemWatchingBuildOperationType$Details
instanceKlass org/gradle/internal/watch/vfs/impl/WatchingVirtualFileSystem$2
instanceKlass java/lang/invoke/LambdaForm$MH+0x0000000800faf440
instanceKlass java/lang/invoke/LambdaForm$DMH+0x0000000800faf040
instanceKlass java/lang/invoke/LambdaForm$DMH+0x0000000800fafc40
instanceKlass org/gradle/internal/watch/vfs/impl/WatchingVirtualFileSystem$$Lambda$286+0x0000000800fb0260
instanceKlass java/lang/invoke/LambdaForm$DMH+0x0000000800faf840
instanceKlass org/gradle/api/internal/tasks/execution/statistics/TaskExecutionStatistics
instanceKlass org/gradle/internal/buildevents/TaskExecutionStatisticsReporter
instanceKlass org/gradle/internal/buildevents/BuildExceptionReporter$1
instanceKlass org/gradle/internal/logging/events/StyledTextOutputEvent$Span
instanceKlass org/gradle/internal/logging/events/operations/StyledTextBuildOperationProgressDetails$Span
instanceKlass org/apache/commons/lang/text/StrTokenizer
instanceKlass org/apache/commons/lang/text/StrBuilder
instanceKlass org/gradle/internal/logging/text/BufferingStyledTextOutput$ChangeStyleAction
instanceKlass org/gradle/internal/logging/text/AbstractStyledTextOutput$StyleOverrideTextOutput
instanceKlass org/gradle/internal/logging/text/BufferingStyledTextOutput$1
instanceKlass org/gradle/internal/buildevents/BuildExceptionReporter$FailureDetails
instanceKlass org/gradle/internal/invocation/BuildActionRunner$Result
instanceKlass org/gradle/internal/resources/DefaultResourceLockCoordinationService$ReleaseLocks
instanceKlass org/gradle/api/internal/artifacts/DependencyManagementBuildScopeServices$3$$Lambda$285+0x0000000800e77778
instanceKlass org/gradle/cache/internal/CompositeCleanupAction$ScopedCleanupAction
instanceKlass org/gradle/api/internal/artifacts/DependencyManagementGradleUserHomeScopeServices$1
instanceKlass org/gradle/api/internal/artifacts/DependencyManagementGradleUserHomeScopeServices$2$$Lambda$284+0x0000000800e77328
instanceKlass java/time/Clock
instanceKlass java/util/logging/LogRecord
instanceKlass java/util/regex/CharPredicates$$Lambda$283+0x0000000800fa3eb0
instanceKlass org/codehaus/groovy/runtime/StackTraceUtils
instanceKlass java/lang/StackTraceElement$HashedModules
instanceKlass org/gradle/internal/exceptions/Contextual
instanceKlass org/gradle/internal/serialize/ExceptionReplacingObjectOutputStream$1
instanceKlass java/io/Bits
instanceKlass java/io/ObjectOutputStream$ReplaceTable
instanceKlass java/io/ObjectOutputStream$HandleTable
instanceKlass java/lang/Throwable$PrintStreamOrWriter
instanceKlass org/gradle/internal/serialize/Message
instanceKlass jdk/internal/module/IllegalAccessLogger$$Lambda$282+0x0000000800fa2c10
instanceKlass jdk/internal/module/IllegalAccessLogger$$Lambda$281+0x0000000800fa29f0
instanceKlass java/lang/ProcessBuilder$Redirect
instanceKlass jdk/internal/event/Event
instanceKlass java/lang/ProcessImpl$2
instanceKlass java/lang/invoke/LambdaForm$MH+0x0000000800fa9440
instanceKlass java/lang/invoke/LambdaForm$DMH+0x0000000800fa9040
instanceKlass java/lang/ProcessHandleImpl$$Lambda$280+0x0000000800fa1608
instanceKlass java/lang/invoke/LambdaForm$DMH+0x0000000800fa8c40
instanceKlass java/lang/invoke/LambdaForm$DMH+0x0000000800fa8840
instanceKlass java/lang/ProcessHandleImpl$$Lambda$279+0x0000000800fa13f0
instanceKlass java/lang/ProcessHandleImpl
instanceKlass java/lang/invoke/LambdaForm$DMH+0x0000000800fa8440
instanceKlass java/lang/ProcessImpl$$Lambda$278+0x0000000800fa0f40
instanceKlass java/lang/invoke/LambdaForm$DMH+0x0000000800fa8040
instanceKlass java/lang/ProcessBuilder
instanceKlass org/codehaus/groovy/runtime/callsite/CallSiteArray$1
instanceKlass ReactNativeModules
instanceKlass com/sun/beans/finder/FinderUtils
instanceKlass com/sun/beans/finder/AbstractFinder
instanceKlass org/codehaus/groovy/syntax/TokenUtil
instanceKlass org/codehaus/groovy/classgen/asm/OptimizingStatementWriter$FastPathData
instanceKlass org/gradle/model/dsl/internal/transform/ClosureBackedRuleFactory
instanceKlass org/gradle/model/dsl/internal/transform/SourceLocation
instanceKlass org/gradle/model/dsl/internal/transform/InputReferences
instanceKlass org/gradle/model/dsl/internal/transform/TransformedClosure
instanceKlass org/gradle/model/dsl/internal/inputs/PotentialInputs
instanceKlass org/gradle/model/dsl/internal/transform/RulesBlock
instanceKlass java/lang/FunctionalInterface
instanceKlass org/codehaus/groovy/runtime/callsite/BooleanClosureWrapper
instanceKlass ReactNativeModules
instanceKlass org/codehaus/groovy/classgen/asm/CompileStack$LabelRange
instanceKlass org/codehaus/groovy/classgen/asm/StatementWriter$1
instanceKlass org/codehaus/groovy/classgen/asm/CompileStack$BlockRecorder
instanceKlass org/codehaus/groovy/ast/AstToTextHelper
instanceKlass org/apache/groovy/ast/tools/AnnotatedNodeUtils
instanceKlass org/codehaus/groovy/classgen/asm/ClosureWriter$UseExistingReference
instanceKlass org/codehaus/groovy/classgen/FinalVariableAnalyzer$1
instanceKlass org/codehaus/groovy/classgen/ReturnAdder$2
instanceKlass org/apache/groovy/ast/tools/ExpressionUtils
instanceKlass jdk/internal/access/foreign/MemorySegmentProxy
instanceKlass org/codehaus/groovy/ast/tools/ClosureUtils
instanceKlass org/gradle/internal/snapshot/SearchUtil
instanceKlass org/gradle/internal/snapshot/AbstractListChildMap$$Lambda$277+0x0000000800f8ad68
instanceKlass groovy/json/JsonSlurper
instanceKlass org/codehaus/groovy/syntax/Numbers
instanceKlass org/gradle/internal/resource/transfer/CachingTextUriResourceLoader
instanceKlass org/gradle/internal/resource/transfer/CacheAwareExternalResourceAccessor$ResourceFileStore
instanceKlass org/gradle/api/internal/artifacts/repositories/resolver/DefaultExternalResourceAccessor
instanceKlass org/gradle/internal/resource/ExternalResource$ContentAction
instanceKlass org/gradle/internal/resource/transfer/DefaultCacheAwareExternalResourceAccessor
